1 的 1682530
2 我 1682285
3 你 1330062
4 是 992017
5 了 946418
6 不 689975
7 们 524602
8 他 538113
9 在 429773
10 好 355948
11 就 304949
12 有 290553
13 这 286988
14 会 267892
15 没 267751
16 个 266178
17 一 324000
18 要 265375
19 吗 249187
20 那 231512
21 她 230332
22 说 229501
23 人 221099
24 想 218927
25 很 200584
26 来 195897
27 吧 194084
28 还 190780
29 都 177837
30 能 175811
31 去 163157
32 过 166180
33 看 160353
34 到 178103
35 和 150565
36 对 135046
37 里 133976
38 也 133317
39 么 132624
40 什 248312
41 啊 131273
42 做 127332
43 把 124580
44 让 123833
45 上 122942
46 但 121223
47 得 120707
48 真 118581
49 给 117328
50 只 116888
51 样 116853
52 怎 121192
53 为 115171
54 起 114719
55 些 110804
56 谢 105834
57 可 104985
58 以 111462
59 点 104632
60 着 102704
61 事 101564
62 下 100754
63 现 88976
64 别 87891
65 所 86798
66 出 86423
67 妈 78576
68 呢 77286
69 多 74803
70 听 74334
71 太 74033
72 哦 69380
73 找 68834
74 走 67371
75 回 66968
76 等 66377
77 被 65696
78 跟 63783
79 再 63467
80 见 70586
81 因 62972
82 像 62063
83 从 61136
84 用 59004
85 它 58957
86 快 58552
87 错 58202
88 儿 57026
89 哪 58471
90 天 56957
91 次 54551
92 爸 53014
93 谁 52786
94 觉 52488
95 话 52332
96 大 51899
97 家 67162
98 干 49162
99 最 47725
100 后 49279
101 死 46955
102 需 45539
103 该 42088
104 嘿 42007
105 而 41814
106 应 41079
107 感 41104
108 爱 40252
109 小 39758
110 时 43485
111 候 56550
112 前 39281
113 之 46639
114 间 42970
115 面 42542
116 当 39576
117 然 60839
118 中 40022
119 正 39421
120 带 38746
121 才 38578
122 情 38535
123 两 37286
124 行 36852
125 进 40068
126 叫 36711
127 又 35599
128 拿 35094
129 种 34893
130 嗯 34639
131 年 33917
132 帮 33362
133 直 32906
134 更 32536
135 打 32124
136 开 34938
137 心 33850
138 始 32258
139 许 32045
140 发 32003
141 生 38180
142 先 64615
143 女 33069
144 电 31965
145 谈 31837
146 认 31222
147 请 30841
148 定 30800
149 刚 30737
150 子 30624
151 孩 57149
152 活 30564
153 车 29776
154 钱 29652
155 放 29606
156 杀 29592
157 噢 29338
158 吃 29233
159 今 28831
160 晚 33820
161 手 27969
162 离 27518
163 成 26999
164 每 26740
165 将 26529
166 地 25941
167 方 31340
168 实 25701
169 其 32313
170 确 28185
171 问 25453
172 题 35418
173 嗨 25335
174 第 25083
175 算 24717
176 切 24509
177 男 24455
178 几 24199
179 头 24037
180 老 24472
181 呃 22734
182 动 22705
183 比 22511
184 件 22394
185 住 22154
186 自 21934
187 己 58366
188 记 21928
189 场 21744
190 机 22774
191 向 21413
192 接 21225
193 受 22710
194 同 21139
195 肯 20799
196 总 20587
197 三 20544
198 早 20345
199 重 20226
200 新 24411
201 且 20081
202 并 23957
203 够 20074
204 作 19987
205 工 33842
206 伙 19770
207 管 19523
208 明 19462
209 白 30537
210 学 19307
211 位 19524
212 于 19298
213 关 26057
214 掉 19348
215 法 19055
216 办 20765
217 无 19431
218 本 19006
219 边 18708
220 身 19272
221 亲 18840
222 少 18695
223 马 18598
224 求 18482
225 搞 18418
226 棒 18385
227 房 18131
228 枪 18065
229 完 18000
230 全 24765
231 安 18182
232 意 18104
233 思 29311
234 识 18759
235 玩 18370
236 笑 18082
237 长 17999
238 计 17617
239 您 17561
240 坐 17506
241 医 17429
242 变 17361
243 留 17209
244 或 17197
245 者 30635
246 试 16958
247 系 16947
248 分 16823
249 部 19819
250 门 17269
251 嘛 16472
252 名 16446
253 字 17454
254 买 16255
255 性 16223
256 外 16195
257 主 15978
258 特 15960
259 美 15928
260 国 26466
261 处 15739
262 穿 15630
263 难 15629
264 日 15556
265 底 15528
266 帝 15458
267 送 15347
268 停 15220
269 理 15216
270 解 18242
271 决 18709
272 赛 15883
273 整 15598
274 条 15273
275 原 15035
276 由 15035
277 路 14562
278 道 14904
279 知 206708
280 通 15643
281 表 14554
282 写 14550
283 愿 14366
284 忙 14336
285 姐 14272
286 钟 14250
287 久 14185
288 此 14078
289 如 20563
290 果 79129
291 何 17349
292 任 21896
293 信 17059
294 相 39466
295 号 15354
296 案 14200
297 与 14062
298 喝 14058
299 弄 14009
300 根 13936
301 员 13910
302 演 16362
303 队 14515
304 球 14576
305 啦 14453
306 担 13909
307 证 13750
308 保 15191
309 份 14098
310 月 13702
311 哥 13701
312 父 13684
313 母 13571
314 士 13540
315 官 13489
316 周 13466
317 却 13394
318 助 13337
319 另 13318
320 高 13298
321 兴 16874
322 提 13489
323 命 13191
324 救 13797
325 抓 13188
326 跑 13017
327 睡 12900
328 力 12758
329 已 12736
330 经 58050
331 常 15191
332 非 32567
333 除 13402
334 选 12709
335 乐 12643
336 查 12622
337 二 12561
338 酒 12190
339 飞 12185
340 尽 12183
341 警 12110
342 象 12066
343 张 12038
344 狗 12024
345 校 12009
346 忘 11938
347 使 11808
348 岁 11801
349 察 11788
350 气 11765
351 运 12907
352 站 11701
353 注 11689
354 派 11602
355 近 11595
356 待 11565
357 护 11395
358 反 11393
359 空 11373
360 约 11318
361 合 11742
362 花 11308
363 喂 11286
364 答 11277
365 况 11260
366 内 11127
367 体 11440
368 结 11007
369 婚 11539
370 报 11004
371 四 11000
372 收 10980
373 水 10979
374 曾 10929
375 赢 10918
376 趣 10897
377 物 10859
378 呀 10816
379 改 10809
380 入 10786
381 加 14168
382 参 11246
383 口 11204
384 伤 11552
385 害 13910
386 怕 15106
387 统 10781
388 首 10750
389 块 10740
390 至 10693
391 调 10678
392 局 10707
393 讲 10627
394 绝 10622
395 束 10586
396 拉 10503
397 据 10385
398 数 10835
399 坏 10346
400 令 10343
401 划 10315
402 代 10323
403 交 10456
404 往 10949
405 故 10266
406 院 10246
407 某 10246
408 哇 10140
409 脑 10137
410 嘴 10118
411 紧 10102
412 神 10082
413 病 10162
414 十 10068
415 万 10234
416 远 10065
417 永 11700
418 舞 10035
419 跳 13026
420 差 10000
421 昨 9992
422 越 9983
423 火 9980
424 味 9940
425 终 9919
426 星 9901
427 期 13422
428 五 10305
429 告 9867
430 诉 63613
431 疯 9805
432 利 9779
433 哈 10205
434 杯 9654
435 指 9648
436 论 9638
437 影 9604
438 卖 9591
439 半 9531
440 未 9527
441 公 9411
442 司 15192
443 室 10451
444 平 9741
445 否 9387
446 唯 9347
447 转 9335
448 台 9368
449 庭 9327
450 军 9291
451 猜 9285
452 醒 9186
453 量 9174
454 闭 9160
455 付 9127
456 俩 9104
457 连 9101
458 偷 9101
459 式 9092
460 赶 8985
461 书 8958
462 换 8945
463 敢 8843
464 步 8828
465 妹 8815
466 择 8803
467 失 8793
468 礼 8908
469 船 8761
470 极 8757
471 各 8753
472 卡 8724
473 梦 8690
474 拍 8655
475 达 8630
476 视 8625
477 线 8675
478 声 8618
479 音 13847
480 录 9497
481 歌 8672
482 唱 10500
483 片 8726
484 照 16380
485 光 8639
486 眼 8867
487 教 8601
488 集 8593
489 段 8548
490 靠 8511
491 倒 8451
492 类 8433
493 联 8429
494 精 8426
495 显 8397
496 夫 8322
497 妻 8803
498 弟 8263
499 兄 14144
500 释 8261
501 议 8221
502 功 8209
503 必 8163
504 须 19725
505 慢 8137
506 鬼 8129
507 师 8118
508 律 10616
509 黑 8098
510 金 8106
511 色 8170
512 清 8079
513 楚 10398
514 单 8569
515 简 10796
516 热 7979
517 仅 7927
518 检 7927
519 及 7895
520 怪 7876
521 奇 11136
522 传 8127
523 挺 7860
524 乎 7808
525 排 7804
526 瞧 7800
527 床 7796
528 脸 7773
529 超 7759
530 懂 7724
531 强 7713
532 狂 7677
533 元 7673
534 轻 7638
535 松 7793
536 级 7657
537 甚 7579
538 度 7574
539 假 7934
540 装 9310
541 置 7790
542 务 7571
543 服 9306
544 衣 11528
545 义 7781
546 克 7659
547 斯 8641
548 杰 8170
549 尔 8023
550 止 7560
551 组 7534
552 王 7532
553 海 7586
554 基 7527
555 夜 7477
556 药 7431
557 店 7492
558 饭 7573
559 包 7527
560 探 7424
561 望 7618
562 希 27675
563 德 7451
564 器 7420
565 呆 7419
566 文 7383
567 具 7388
568 持 7358
569 支 8897
570 票 7372
571 投 8643
572 咱 7352
573 街 7344
574 区 7802
575 遇 7263
576 随 7239
577 便 10017
578 际 7235
579 西 7176
580 东 41455
581 班 7174
582 图 7149
583 聊 7137
584 楼 7123
585 似 7098
586 血 7094
587 流 7758
588 百 7080
589 激 7075
590 罪 7067
591 犯 11643
592 幸 7060
593 存 8098
594 六 7054
595 目 7043
596 节 10995
597 适 7028
598 千 7011
599 破 6996
600 罗 6966
601 设 6937
602 碰 6933
603 闻 6922
604 巴 6915
605 验 6904
606 尸 7255
607 科 6880
608 即 6855
609 战 6792
610 化 6761
611 角 6754
612 落 7060
613 击 6753
614 射 6915
615 顾 6752
616 客 7739
617 言 6716
618 恶 6716
619 恩 6705
620 喔 6700
621 程 6688
622 辆 6671
623 码 6670
624 密 7158
625 秘 7465
626 满 6658
627 足 7881
628 油 6647
629 午 6614
630 餐 6977
631 魔 6596
632 术 6909
633 凶 6581
634 权 6579
635 板 6573
636 取 6553
637 消 6611
638 息 13658
639 休 6547
640 退 6557
641 逃 6539
642 努 6522
643 尼 6512
644 句 6512
645 套 6485
646 洗 6484
647 读 6471
648 博 6466
649 谋 6455
650 急 6441
651 共 6400
652 误 6392
653 标 6391
654 准 6497
655 备 26133
656 则 6543
657 语 6438
658 英 6979
659 弹 6310
660 断 6279
661 刻 6200
662 深 6666
663 立 6583
664 建 7324
665 独 7111
666 私 6264
667 丈 6188
668 维 6182
669 修 6416
670 词 6179
671 画 6155
672 突 6141
673 脱 6130
674 恋 6110
675 品 6098
676 毒 7928
677 坚 6078
678 骗 6075
679 友 6067
680 朋 32788
681 举 6056
682 丢 5980
683 世 5965
684 界 15374
685 模 5960
686 踪 5951
687 追 6577
688 季 5940
689 格 5907
690 风 6891
691 顺 5907
692 型 5896
693 造 6162
694 制 7570
695 控 10328
696 复 6515
697 阿 5893
698 示 5888
699 展 7327
700 傻 5854
701 印 5837
702 红 5816
703 承 5775
704 败 5774
705 脚 5761
706 冲 5754
707 戴 5753
708 弃 5741
709 预 5739
710 测 5907
711 产 5780
712 睛 5725
713 武 5720
714 静 5717
715 冷 7237
716 卫 5709
717 奶 5696
718 市 5682
719 城 7689
720 费 5879
721 民 5647
722 业 5624
723 专 6520
724 商 5925
725 亡 5611
726 迷 5606
727 团 5602
728 糟 6447
729 响 5596
730 雷 5593
731 布 5762
732 吸 5575
733 引 6552
734 食 5571
735 争 5563
736 虽 5507
737 易 5480
738 容 9301
739 双 5474
740 监 5470
741 狱 8185
742 糕 5466
743 蛋 7243
744 混 12351
745 乱 5986
746 滚 5687
747 享 5442
748 值 5434
749 价 6611
750 米 5436
751 按 5422
752 索 5420
753 叔 5409
754 亚 5403
755 兰 5624
756 历 5608
757 圣 5557
758 形 5389
759 迪 5384
760 替 5383
761 剧 5360
762 职 5341
763 呼 5333
764 称 5474
765 搬 5328
766 速 5324
767 责 5284
768 负 6728
769 胜 5297
770 获 5633
771 袋 5284
772 史 5264
773 压 5254
774 供 5253
775 堂 5248
776 藏 5240
777 纪 5237
778 念 5781
779 概 5337
780 观 5286
781 众 6765
782 寻 5212
783 签 5207
784 座 5199
785 戏 5195
786 游 8691
787 赌 5188
788 操 5179
789 诞 5174
790 吉 5149
791 屋 5146
792 灵 5129
793 福 5122
794 扔 5106
795 课 5071
796 吓 5069
797 剩 5043
798 摄 5018
799 祝 5001
800 居 5000
801 挑 4997
802 纽 4975
803 甜 4967
804 镇 4953
805 规 4948
806 聪 4937
807 属 4929
808 莱 4928
809 养 4927
810 婆 4920
811 输 4909
812 浪 4888
813 介 4888
814 借 4884
815 防 4831
816 守 4991
817 背 4850
818 笔 4830
819 州 4810
820 普 4808
821 仍 4808
822 牌 4789
823 资 4787
824 料 5080
825 斗 4743
826 遍 4734
827 社 4733
828 皮 4732
829 领 4732
830 导 4943
831 致 5557
832 炸 4706
833 爆 5464
834 诺 4702
835 园 4686
836 鸡 4684
837 暗 4674
838 质 4672
839 宝 4666
840 贝 14246
841 创 4658
842 腿 4656
843 尝 4651
844 拜 4643
845 托 12356
846 丽 4651
847 招 4643
848 酷 4616
849 耶 4606
850 彩 4602
851 旅 4592
852 馆 5834
853 誓 4581
854 脏 4576
855 麦 4573
856 考 4590
857 虑 6476
858 项 4568
859 鞋 4547
860 瑞 4538
861 波 4535
862 顿 4746
863 拥 4514
864 吻 4514
865 山 4510
866 配 4507
867 般 4609
868 摩 4504
869 毛 4500
870 牛 4507
871 推 4487
872 迟 4739
873 八 4487
874 架 4484
875 纸 4482
876 古 4477
877 奥 4525
878 封 4477
879 锁 4683
880 严 4474
881 南 4445
882 阻 4442
883 谎 4433
884 撒 5393
885 效 4426
886 爷 4426
887 伊 4415
888 洛 4439
889 肉 4412
890 群 4404
891 陪 4402
892 银 4399
893 艾 4399
894 攻 4373
895 治 4372
896 疗 5983
897 乔 4779
898 啥 4369
899 志 4356
900 杂 6259
901 毁 4351
902 雇 4308
903 萨 4306
904 凯 4284
905 蒂 4489
906 姆 4327
907 镜 4278
908 族 4251
909 胡 4231
910 伦 4211
911 移 4202
912 魂 4198
913 讨 4191
914 厌 6374
915 偶 4189
916 牙 4188
917 弗 4173
918 网 4168
919 聚 4167
920 附 4161
921 烧 4154
922 技 4137
923 巧 4901
924 艺 4168
925 纳 4097
926 · 4150
927 伯 4177
928 林 4170
929 鲁 4499
930 森 4347
931 塔 4150
932 玛 4226
933 曼 4199
934 扰 4094
935 困 4308
936 奖 4092
937 登 4089
938 租 4083
939 兵 4077
940 险 4073
941 危 7428
942 冒 5077
943 箱 4408
944 货 4119
945 惊 4108
946 喜 4497
947 欢 48872
948 迎 9498
949 搜 4072
950 较 4071
951 编 4057
952 顶 4048
953 撞 4056
954 练 4044
955 习 5534
956 训 4625
957 列 4021
958 威 4016
959 勒 4053
960 丹 4014
961 既 4002
962 汤 3996
963 痴 3975
964 异 3967
965 曲 3966
966 七 3945
967 哭 3945
968 塞 3929
969 低 3926
970 抱 3922
971 歉 25423
972 鱼 3899
973 迹 3897
974 充 3891
975 秒 3884
976 屁 3883
977 股 5534
978 织 3883
979 播 3874
980 广 4582
981 审 3858
982 判 4806
983 痛 3853
984 苦 5669
985 态 3821
986 状 5128
987 伴 3811
988 升 3808
989 归 3808
990 刀 3805
991 刺 3870
992 笨 3790
993 劲 3781
994 戒 3779
995 莉 3760
996 莫 3942
997 妙 3783
998 坦 3780
999 库 3769
1000 石 3759
1001 冰 3752
1002 蠢 3749
1003 协 3748
1004 忆 3747
1005 阳 3735
1006 岛 3733
1007 副 3730
1008 摆 3728
1009 挂 3725
1010 迈 3722
1011 沙 3722
1012 丝 3716
1013 毫 3745
1014 疑 4436
1015 怀 6038
1016 恨 3735
1017 莎 3712
1018 临 3711
1019 娘 3696
1020 姑 5468
1021 降 3693
1022 毕 3683
1023 娜 3660
1024 短 3658
1025 裤 3850
1026 宣 3656
1027 谅 3654
1028 旁 3640
1029 树 3635
1030 挥 3630
1031 勇 3611
1032 户 3607
1033 猫 3597
1034 桌 3589
1035 吵 3588
1036 景 3580
1037 初 3579
1038 轮 3577
1039 透 3560
1040 旦 3558
1041 围 3546
1042 绑 3545
1043 层 3542
1044 怜 3540
1045 圈 3536
1046 埃 3530
1047 疼 3525
1048 彼 3520
1049 忍 3516
1050 敌 3516
1051 左 3511
1052 右 4421
1053 蒙 3506
1054 华 3506
1055 灯 3504
1056 劳 3473
1057 航 3466
1058 厅 3460
1059 盘 3458
1060 露 3444
1061 暴 4027
1062 营 3711
1063 舒 3438
1064 免 3419
1065 泰 3415
1066 恭 3409
1067 蓝 3405
1068 苏 3388
1069 骑 3375
1070 汽 3363
1071 末 3347
1072 北 3343
1073 源 3340
1074 菲 3330
1075 幻 3305
1076 执 3294
1077 雄 3281
1078 散 3279
1079 汉 3266
1080 互 3257
1081 奋 3246
1082 沃 3243
1083 土 3244
1084 政 3243
1085 府 4257
1086 童 3237
1087 纹 3236
1088 孤 3236
1089 伍 3235
1090 砸 3232
1091 避 3217
1092 躲 3543
1093 抢 3191
1094 烦 3191
1095 麻 9833
1096 醉 3254
1097 竟 3187
1098 拒 3184
1099 漫 3184
1100 木 3182
1101 野 3177
1102 恐 3176
1103 怖 3177
1104 胁 3176
1105 尊 3172
1106 敬 3347
1107 旧 3162
1108 瓶 3153
1109 依 3145
1110 袭 3143
1111 例 3139
1112 摇 3130
1113 评 3126
1114 委 5044
1115 废 3125
1116 抗 3118
1117 素 3111
1118 菜 3118
1119 灭 3105
1120 朝 3103
1121 佛 3101
1122 辈 3093
1123 骨 3091
1124 惹 3091
1125 荣 3091
1126 限 3085
1127 拳 3083
1128 丁 3081
1129 扮 3077
1130 鸟 3072
1131 墨 3062
1132 秀 3047
1133 育 3037
1134 孕 3063
1135 熟 3030
1136 烂 3031
1137 窗 3026
1138 墙 3003
1139 河 2995
1140 臭 2986
1141 触 2983
1142 瓜 2982
1143 黄 2992
1144 优 2977
1145 势 3020
1146 牢 2971
1147 翻 2968
1148 邀 2958
1149 境 2954
1150 环 4006
1151 温 2946
1152 饿 2943
1153 嫌 2942
1154 蹈 2941
1155 智 2939
1156 逼 2933
1157 瓦 2922
1158 劫 2921
1159 竞 2920
1160 粉 2914
1161 碎 3191
1162 帕 2901
1163 厨 2899
1164 伟 2891
1165 善 2890
1166 迫 2890
1167 症 2927
1168 禁 2889
1169 净 2889
1170 厉 2887
1171 邦 2885
1172 妮 2945
1173 寓 2876
1174 夏 2867
1175 谓 2865
1176 饼 2862
1177 抽 2861
1178 烟 3623
1179 良 2859
1180 闹 2857
1181 累 2855
1182 拖 2934
1183 帅 2852
1184 估 2849
1185 婊 2847
1186 档 2844
1187 搭 4163
1188 龙 2840
1189 卷 2981
1190 翰 2825
1191 典 2824
1192 雅 2887
1193 键 2823
1194 微 2819
1195 稍 3588
1196 猪 2806
1197 隐 2804
1198 允 2803
1199 绍 2801
1200 巨 2799
1201 针 2794
1202 范 2793
1203 妇 2793
1204 雨 2790
1205 鲜 2784
1206 究 2780
1207 研 4201
1208 悲 2780
1209 贵 2775
1210 席 2774
1211 庆 2766
1212 财 2755
1213 闪 2744
1214 亮 2923
1215 漂 11496
1216 惯 2737
1217 染 2728
1218 欠 2720
1219 授 2705
1220 章 2701
1221 赚 2694
1222 香 2686
1223 糖 2993
1224 尿 2811
1225 铁 2676
1226 残 2676
1227 阴 2672
1228 辩 2660
1229 盒 2649
1230 愚 2630
1231 损 2627
1232 版 2624
1233 俱 2623
1234 赞 2608
1235 堆 2597
1236 胸 2597
1237 朗 2589
1238 遗 2586
1239 余 2614
1240 憾 2597
1241 梅 2585
1242 尾 2583
1243 彻 2578
1244 捕 2576
1245 逮 3247
1246 液 2554
1247 订 2553
1248 冠 2552
1249 丑 2551
1250 暂 2549
1251 九 2539
1252 雪 2537
1253 滑 2633
1254 烈 2534
1255 耳 2530
1256 绪 2523
1257 兹 2522
1258 辛 2523
1259 俄 2520
1260 插 2514
1261 爵 2509
1262 侦 2509
1263 讯 2500
1264 皇 2494
1265 欧 2486
1266 洲 3034
1267 富 2484
1268 啤 2482
1269 爽 2479
1270 颗 2477
1271 泡 2474
1272 踢 2473
1273 盯 2472
1274 李 2467
1275 娃 2460
1276 愉 2460
1277 烤 2458
1278 括 2451
1279 刑 2439
1280 徒 2473
1281 叛 2898
1282 犹 2447
1283 细 2421
1284 仔 3497
1285 剂 2420
1286 乖 2410
1287 摸 2409
1288 咬 2401
1289 诚 2394
1290 帽 2392
1291 尤 2388
1292 盖 2397
1293 洞 2385
1294 草 2379
1295 率 2473
1296 豪 2379
1297 瑟 2386
1298 琳 2874
1299 启 2372
1300 邮 2371
1301 堡 2365
1302 施 2365
1303 杜 2362
1304 核 2357
1305 阵 2355
1306 尚 2342
1307 拾 2340
1308 耍 2339
1309 赖 2350
1310 违 2337
1311 稳 2335
1312 诊 2334
1313 掌 2331
1314 握 3193
1315 抛 2329
1316 硬 2329
1317 拯 2317
1318 遭 2309
1319 寄 2304
1320 虫 2438
1321 批 2302
1322 宁 2298
1323 梯 2295
1324 祖 2294
1325 申 2294
1326 址 2290
1327 尺 2287
1328 乘 2283
1329 盛 2283
1330 拼 2275
1331 钻 2271
1332 扯 2270
1333 缺 2269
1334 陷 2361
1335 络 2268
1336 督 2254
1337 躺 2252
1338 霍 2251
1339 匹 2240
1340 恢 2239
1341 忠 2237
1342 鼠 2237
1343 夺 2235
1344 构 2233
1345 吹 2233
1346 嘘 2335
1347 姻 2232
1348 序 2226
1349 访 2225
1350 采 2939
1351 途 2221
1352 邪 2219
1353 尉 2210
1354 款 2208
1355 欲 2206
1356 省 2205
1357 爬 2191
1358 频 2190
1359 佳 2188
1360 郎 2188
1361 潜 2185
1362 珍 2180
1363 惜 2311
1364 续 2171
1365 继 14762
1366 陆 2176
1367 康 2170
1368 健 4005
1369 胆 2168
1370 材 2162
1371 零 2158
1372 鲍 2142
1373 擦 2134
1374 绿 2133
1375 奏 2131
1376 仪 2128
1377 熊 2127
1378 嫁 2117
1379 符 2113
1380 若 2106
1381 佩 2104
1382 颜 2102
1383 载 2101
1384 邻 2100
1385 尖 2098
1386 惨 2094
1387 椅 2093
1388 辞 2081
1389 仇 2080
1390 桑 2080
1391 宫 2078
1392 惧 2077
1393 占 2075
1394 喊 2070
1395 痕 2066
1396 吐 2059
1397 罢 2057
1398 沉 2052
1399 默 2342
1400 援 2051
1401 增 2147
1402 盗 2050
1403 宾 2049
1404 猎 2046
1405 敏 2042
1406 贺 2039
1407 帐 2039
1408 胖 2038
1409 征 2018
1410 购 2012
1411 补 2004
1412 贴 2051
1413 黎 2002
1414 厂 1999
1415 域 1994
1416 减 1978
1417 鼻 1970
1418 咪 1967
1419 党 1965
1420 农 1954
1421 幕 1953
1422 额 1949
1423 耐 1948
1424 唔 1947
1425 甲 1947
1426 端 1943
1427 貌 1931
1428 鼓 1927
1429 账 1926
1430 侵 1913
1431 壮 1905
1432 怨 1904
1433 倍 1900
1434 剪 1893
1435 撤 1893
1436 销 1929
1437 售 1925
1438 卧 1890
1439 茶 1887
1440 勃 1886
1441 肥 1868
1442 挖 1857
1443 夹 1855
1444 柜 1855
1445 滩 1853
1446 厕 1852
1447 坞 1849
1448 偏 1847
1449 挡 1845
1450 辣 1845
1451 盟 1843
1452 辜 1839
1453 扫 1838
1454 敦 1837
1455 欺 1837
1456 兽 1836
1457 姓 1834
1458 青 1830
1459 春 1830
1460 隔 1825
1461 屎 1823
1462 詹 1821
1463 凡 1817
1464 昏 1816
1465 贱 1815
1466 逊 1811
1467 扎 1805
1468 凭 1804
1469 朵 1803
1470 摔 1800
1471 距 1795
1472 媒 1787
1473 裁 1782
1474 闯 1782
1475 震 1779
1476 挣 1778
1477 仰 1777
1478 悔 1775
1479 妞 1772
1480 弱 1759
1481 软 1872
1482 虚 1797
1483 饮 1760
1484 洋 1755
1485 敲 1753
1486 裙 1753
1487 村 1753
1488 乡 2242
1489 奸 1752
1490 析 1751
1491 植 1742
1492 趴 1739
1493 灾 1739
1494 芬 1738
1495 篮 1737
1496 牧 1730
1497 汇 1730
1498 羊 1722
1499 埋 1720
1500 葬 1944
1501 狠 1719
1502 甩 1719
1503 策 1710
1504 卢 1708
1505 闲 1707
1506 殊 1707
1507 燃 1705
1508 益 1703
1509 矩 1691
1510 溜 1690
1511 窃 1688
1512 柯 1687
1513 诗 1684
1514 呐 1680
1515 灰 1680
1516 掩 1680
1517 饰 1866
1518 圆 1677
1519 讶 1674
1520 婴 1674
1521 戈 1672
1522 澡 1668
1523 祸 1666
1524 瞎 1665
1525 瞒 1664
1526 豁 1663
1527 胎 1663
1528 阁 1661
1529 洁 1661
1530 纯 1751
1531 妓 1654
1532 暖 1651
1533 巫 1649
1534 隆 1649
1535 缘 1648
1536 略 1645
1537 呵 1644
1538 伪 1643
1539 链 1642
1540 励 1637
1541 齐 1630
1542 伸 1628
1543 珠 1627
1544 桥 1626
1545 艰 1621
1546 岸 1619
1547 韦 1617
1548 宗 1608
1549 肚 1606
1550 绳 1604
1551 筑 1604
1552 肤 1598
1553 驾 1595
1554 驶 1710
1555 蛇 1594
1556 龄 1589
1557 拨 1586
1558 晕 1586
1559 骚 1581
1560 绕 1579
1561 胞 1570
1562 幽 1568
1563 赫 1567
1564 济 1563
1565 漏 1558
1566 泄 1602
1567 倾 1557
1568 荡 1568
1569 扣 1553
1570 折 1739
1571 磨 2419
1572 罐 1549
1573 慈 1544
1574 擅 1543
1575 恰 1543
1576 炒 1543
1577 蜜 1534
1578 姿 1529
1579 患 1528
1580 篇 1526
1581 阶 1524
1582 亿 1521
1583 趟 1519
1584 延 1519
1585 稣 1517
1586 冻 1512
1587 亨 1512
1588 歇 1509
1589 仿 1494
1590 缩 1493
1591 辑 1493
1592 寸 1488
1593 狼 1486
1594 抬 1483
1595 哎 1479
1596 悉 1478
1597 田 1471
1598 哼 1466
1599 贩 1466
1600 遵 1466
1601 艘 1462
1602 剑 1460
1603 誉 1460
1604 含 1459
1605 扭 1458
1606 渴 1456
1607 韩 1456
1608 佬 1455
1609 宜 1450
1610 咯 1449
1611 泳 1448
1612 池 2092
1613 佑 1441
1614 页 1436
1615 豆 1432
1616 宴 1431
1617 奈 1429
1618 脆 1427
1619 割 1423
1620 裂 1426
1621 缝 1644
1622 齿 1422
1623 拔 1422
1624 柔 1420
1625 挤 1419
1626 焦 1417
1627 晨 1415
1628 君 1412
1629 汗 1411
1630 牵 1408
1631 涉 1621
1632 癌 1407
1633 积 1402
1634 荷 1398
1635 薄 1494
1636 喷 1400
1637 伏 1397
1638 递 1393
1639 刷 1393
1640 筹 1386
1641 虎 1386
1642 册 1374
1643 瘾 1373
1644 泽 1371
1645 巾 1370
1646 浴 1417
1647 殿 1369
1648 粗 1364
1649 抵 1362
1650 押 1373
1651 廉 1361
1652 夸 1360
1653 侧 1360
1654 融 1353
1655 填 1351
1656 湖 1348
1657 妆 1343
1658 厄 1337
1659 磅 1337
1660 撑 1336
1661 棍 1336
1662 谍 1336
1663 臂 1333
1664 睁 1332
1665 舌 1329
1666 陌 1328
1667 廊 1321
1668 胃 1317
1669 扇 1313
1670 脖 1312
1671 谷 1311
1672 肠 1310
1673 柏 1309
1674 芝 1308
1675 酱 1309
1676 舰 1298
1677 哟 1292
1678 径 1291
1679 蜂 1291
1680 纵 1290
1681 鉴 1289
1682 忽 1287
1683 猴 1284
1684 怒 1283
1685 愤 1717
1686 堪 1281
1687 返 1280
1688 固 1279
1689 唐 1278
1690 捉 1272
1691 壁 1271
1692 云 1270
1693 乌 1313
1694 凌 1276
1695 兔 1267
1696 偿 1264
1697 巡 1257
1698 裸 1253
1699 姨 1249
1700 潮 1243
1701 疾 1243
1702 京 1242
1703 旋 1241
1704 勾 1236
1705 魅 1234
1706 幅 1233
1707 孙 1232
1708 税 1230
1709 署 1227
1710 脉 1221
1711 娅 1220
1712 朱 1243
1713 叶 1317
1714 币 1220
1715 慌 1216
1716 酪 1214
1717 乳 1372
1718 汁 1213
1719 吊 1208
1720 揍 1206
1721 猛 1206
1722 拆 1205
1723 献 1197
1724 奉 1238
1725 障 1197
1726 碍 1478
1727 侠 1195
1728 泪 1195
1729 舱 1192
1730 轨 1189
1731 砍 1189
1732 仓 1188
1733 肌 1187
1734 丧 1187
1735 陛 1183
1736 爹 1182
1737 踏 1182
1738 捐 1181
1739 措 1181
1740 桶 1177
1741 罚 1175
1742 惩 1459
1743 泥 1173
1744 弥 1172
1745 详 1171
1746 毯 1171
1747 宠 1169
1748 湿 1169
1749 惑 1165
1750 诱 1383
1751 穷 1165
1752 袖 1157
1753 赋 1157
1754 予 1244
1755 蕾 1156
1756 芭 1567
1757 茜 1173
1758 缓 1145
1759 逗 1145
1760 恼 1142
1761 炮 1139
1762 振 1139
1763 培 1137
1764 玉 1136
1765 秋 1134
1766 企 1134
1767 港 1133
1768 碗 1128
1769 撕 1127
1770 蛮 1125
1771 扬 1125
1772 罩 1125
1773 箭 1124
1774 滋 1124
1775 磁 1117
1776 垒 1117
1777 绩 1114
1778 茨 1114
1779 肖 1112
1780 娶 1112
1781 仙 1109
1782 囚 1109
1783 丰 1108
1784 酸 1106
1785 胶 1105
1786 甘 1102
1787 召 1101
1788 唤 1373
1789 荒 1100
1790 晓 1099
1791 揭 1700
1792 抚 1099
1793 孔 1091
1794 艇 1090
1795 霉 1084
1796 慰 1084
1797 栋 1083
1798 舍 1079
1799 宿 1334
1800 薪 1079
1801 仁 1074
1802 滴 1072
1803 眠 1071
1804 渡 1067
1805 耀 1066
1806 黛 1066
1807 铃 1064
1808 债 1063
1809 冬 1063
1810 庄 1061
1811 昂 1059
1812 垫 1055
1813 鹰 1054
1814 犬 1055
1815 贼 1052
1816 佣 1049
1817 踩 1047
1818 钓 1046
1819 坠 1045
1820 唇 1042
1821 忌 1042
1822 塑 1041
1823 储 1040
1824 霸 1040
1825 嘲 1039
1826 赏 1037
1827 欣 1827
1828 琴 1031
1829 钢 1447
1830 钉 1024
1831 脾 1021
1832 勤 1019
1833 拘 1019
1834 逻 1017
1835 赔 1017
1836 革 1013
1837 井 1013
1838 谬 1010
1839 俗 1010
1840 搅 1009
1841 缠 1014
1842 宽 1003
1843 恕 1143
1844 漠 1002
1845 糊 1001
1846 涂 1570
1847 遥 1000
1848 腰 999
1849 弯 1071
1850 腊 998
1851 崇 996
1852 铺 994
1853 逛 993
1854 趁 992
1855 僵 990
1856 摧 989
1857 厚 982
1858 腐 976
1859 杆 975
1860 赐 975
1861 炉 974
1862 妥 974
1863 肺 974
1864 菌 971
1865 堵 968
1866 愈 966
1867 奔 965
1868 描 965
1869 述 1826
1870 陈 1376
1871 淡 987
1872 尘 961
1873 壳 960
1874 衡 955
1875 逐 949
1876 渐 1172
1877 驱 1080
1878 佐 949
1879 膝 948
1880 宰 947
1881 屠 990
1882 谊 944
1883 挨 944
1884 芙 940
1885 粘 939
1886 琼 938
1887 役 937
1888 董 937
1889 搏 936
1890 腾 932
1891 诸 930
1892 葛 934
1893 肃 928
1894 扑 928
1895 吞 927
1896 腔 927
1897 凉 926
1898 娱 925
1899 刮 918
1900 氧 913
1901 袜 911
1902 截 910
1903 拦 1001
1904 晋 910
1905 捡 909
1906 晃 905
1907 狮 905
1908 嘉 905
1909 映 903
1910 浮 902
1911 跃 901
1912 桃 899
1913 挽 896
1914 械 896
1915 虐 896
1916 旗 895
1917 蹲 891
1918 央 890
1919 谱 888
1920 诈 884
1921 矮 884
1922 郡 884
1923 槟 879
1924 叉 878
1925 沿 877
1926 贾 876
1927 汀 910
1928 催 875
1929 鲨 874
1930 氏 873
1931 亏 873
1932 污 872
1933 崔 871
1934 裹 869
1935 劝 869
1936 诡 869
1937 狄 868
1938 挪 867
1939 惠 864
1940 轰 857
1941 询 855
1942 咒 855
1943 诅 934
1944 骂 906
1945 苹 854
1946 粹 854
1947 瘦 851
1948 乏 850
1949 肩 850
1950 讽 848
1951 兜 843
1952 披 839
1953 雾 836
1954 慧 834
1955 沟 834
1956 雕 832
1957 羞 832
1958 耻 1066
1959 辱 1007
1960 唉 832
1961 仗 831
1962 扩 829
1963 沮 827
1964 浓 826
1965 俊 825
1966 穆 821
1967 稿 820
1968 熬 820
1969 煎 820
1970 侣 816
1971 契 815
1972 泉 814
1973 矿 898
1974 疏 809
1975 哲 807
1976 煮 806
1977 番 801
1978 茄 954
1979 膀 800
1980 锋 800
1981 瞄 799
1982 赎 798
1983 姬 798
1984 莲 799
1985 馅 797
1986 毙 796
1987 谜 796
1988 呈 796
1989 添 795
1990 噩 795
1991 耗 816
1992 浑 815
1993 哀 793
1994 沾 790
1995 纠 789
1996 仆 789
1997 侄 788
1998 烫 786
1999 横 784
2000 喽 784
2001 跪 783
2002 抹 783
2003 淫 780
2004 湾 774
2005 懒 773
2006 墓 772
2007 窝 772
2008 肝 771
2009 倦 771
2010 薯 771
2011 悄 770
2012 宇 769
2013 宙 1186
2014 妨 768
2015 闷 767
2016 笼 765
2017 枚 765
2018 辨 764
2019 掘 763
2020 屏 762
2021 吼 762
2022 扶 762
2023 筒 762
2024 捷 761
2025 晶 759
2026 坎 757
2027 绅 754
2028 荐 753
2029 擎 749
2030 摘 748
2031 侮 747
2032 铐 747
2033 贷 747
2034 润 746
2035 赠 745
2036 虾 745
2037 灌 744
2038 匪 744
2039 逝 744
2040 丛 741
2041 氛 741
2042 庞 739
2043 伞 736
2044 鸭 734
2045 妄 733
2046 翼 731
2047 屈 729
2048 朴 727
2049 贫 724
2050 悠 720
2051 橱 719
2052 漆 719
2053 拐 718
2054 均 717
2055 盐 717
2056 畏 716
2057 川 715
2058 饱 715
2059 夷 715
2060 兆 715
2061 勋 711
2062 腹 711
2063 岩 709
2064 讼 705
2065 忏 704
2066 瞬 704
2067 缸 702
2068 捣 701
2069 浆 701
2070 串 698
2071 飘 698
2072 膏 695
2073 兼 694
2074 歧 692
2075 栏 692
2076 垮 690
2077 饶 690
2078 枕 686
2079 忧 693
2080 郁 880
2081 抑 1004
2082 猩 685
2083 靴 685
2084 涯 684
2085 紫 684
2086 谣 683
2087 桩 682
2088 摊 680
2089 浅 679
2090 疤 678
2091 钩 677
2092 凑 676
2093 嘻 676
2094 缉 674
2095 江 673
2096 炎 673
2097 萝 672
2098 酬 671
2099 碟 671
2100 促 670
2101 舔 669
2102 剥 668
2103 寿 667
2104 悦 667
2105 循 667
2106 赤 665
2107 堕 665
2108 辅 665
2109 棋 664
2110 贡 663
2111 遮 663
2112 券 662
2113 衷 662
2114 盲 662
2115 卜 661
2116 畅 661
2117 琪 659
2118 塌 659
2119 囊 659
2120 肮 659
2121 纱 659
2122 嗓 658
2123 鹿 657
2124 妖 656
2125 艳 656
2126 奎 654
2127 傲 652
2128 骄 2171
2129 喘 651
2130 氓 650
2131 徽 650
2132 篷 648
2133 综 647
2134 嚷 646
2135 跨 642
2136 豫 637
2137 携 637
2138 悬 635
2139 衰 634
2140 竭 666
2141 锅 632
2142 扁 632
2143 坟 631
2144 峰 630
2145 廷 629
2146 兮 628
2147 镑 627
2148 鹅 627
2149 恒 627
2150 钞 624
2151 珀 624
2152 御 623
2153 藤 622
2154 穴 622
2155 镖 621
2156 敞 619
2157 呕 619
2158 腕 618
2159 棵 616
2160 粒 616
2161 啰 616
2162 阅 615
2163 匿 615
2164 淋 612
2165 疲 611
2166 筋 708
2167 跌 610
2168 棺 610
2169 痒 608
2170 眉 608
2171 刊 604
2172 淇 601
2173 盼 600
2174 阱 600
2175 橡 599
2176 幼 599
2177 迅 597
2178 捅 595
2179 畜 594
2180 翅 593
2181 淹 593
2182 龟 592
2183 稀 592
2184 罕 626
2185 榜 591
2186 喻 591
2187 拟 590
2188 澳 589
2189 膜 589
2190 呜 586
2191 扳 586
2192 舅 585
2193 覆 584
2194 咨 584
2195 椒 584
2196 莓 583
2197 愧 583
2198 疚 711
2199 躁 582
2200 柴 579
2201 泼 578
2202 饥 577
2203 垂 576
2204 颠 576
2205 棉 575
2206 後 573
2207 岗 573
2208 肢 573
2209 歪 573
2210 斑 570
2211 蓄 569
2212 焰 569
2213 宅 569
2214 肿 569
2215 瘤 1037
2216 薇 568
2217 棕 568
2218 鸽 567
2219 抖 564
2220 钮 564
2221 寒 563
2222 爪 562
2223 遣 561
2224 翘 560
2225 趾 560
2226 稽 556
2227 逆 556
2228 肾 556
2229 翁 551
2230 懦 550
2231 盆 549
2232 臀 549
2233 津 549
2234 础 548
2235 颈 547
2236 泣 547
2237 陶 546
2238 熏 552
2239 衬 544
2240 衫 1360
2241 恤 598
2242 弊 541
2243 皆 540
2244 乃 538
2245 柄 536
2246 赴 535
2247 匠 534
2248 刹 533
2249 哨 531
2250 删 531
2251 碧 529
2252 渣 529
2253 繁 529
2254 炫 528
2255 宪 528
2256 凝 526
2257 戚 524
2258 鸣 523
2259 昆 523
2260 晒 523
2261 棚 522
2262 届 522
2263 睹 521
2264 绘 520
2265 涨 519
2266 殖 518
2267 盔 517
2268 隧 517
2269 腺 517
2270 厢 516
2271 侍 515
2272 颁 515
2273 匆 514
2274 橙 513
2275 卦 512
2276 捏 511
2277 丸 510
2278 剖 509
2279 拷 509
2280 憎 509
2281 劣 507
2282 丫 507
2283 蒸 506
2284 览 504
2285 锤 503
2286 顽 502
2287 膛 502
2288 豹 500
2289 贞 500
2290 坑 499
2291 贤 498
2292 旺 498
2293 珊 497
2294 嘱 494
2295 酗 494
2296 芯 492
2297 芒 491
2298 募 491
2299 戳 488
2300 巷 487
2301 狙 487
2302 滥 486
2303 锯 486
2304 锡 486
2305 丘 488
2306 噪 479
2307 寡 478
2308 潘 477
2309 卸 476
2310 唬 475
2311 暑 475
2312 癖 475
2313 铲 474
2314 夕 474
2315 贯 472
2316 梭 472
2317 祷 471
2318 祈 2293
2319 掏 470
2320 陋 468
2321 洒 467
2322 冥 467
2323 纤 466
2324 嗑 466
2325 枝 466
2326 蔽 466
2327 驴 465
2328 叹 464
2329 轿 462
2330 笛 459
2331 宵 456
2332 聘 455
2333 铅 454
2334 袍 454
2335 撼 452
2336 炬 449
2337 卓 448
2338 裔 448
2339 粪 448
2340 驳 446
2341 臣 446
2342 奴 445
2343 隶 836
2344 浩 444
2345 浦 442
2346 蛙 442
2347 驻 441
2348 姜 441
2349 刘 439
2350 祭 438
2351 眨 438
2352 柱 438
2353 幢 437
2354 削 437
2355 洪 436
2356 冈 436
2357 煤 436
2358 绵 436
2359 皂 436
2360 叮 436
2361 梳 433
2362 呦 433
2363 愁 433
2364 沼 433
2365 纷 432
2366 辐 431
2367 拽 431
2368 哄 430
2369 郊 430
2370 蹦 429
2371 窒 427
2372 咋 426
2373 鸦 426
2374 焕 425
2375 赦 425
2376 锐 424
2377 帆 424
2378 傅 424
2379 盾 424
2380 矛 752
2381 疫 423
2382 苗 503
2383 剃 423
2384 斥 423
2385 颤 422
2386 峡 421
2387 捞 421
2388 坡 421
2389 悼 420
2390 庇 418
2391 慕 417
2392 跤 416
2393 杉 416
2394 矶 2728
2395 秃 415
2396 厦 414
2397 逍 413
2398 仑 412
2399 抄 412
2400 禽 411
2401 锦 411
2402 履 410
2403 淘 409
2404 汰 2611
2405 孟 409
2406 嚼 408
2407 橘 408
2408 悍 407
2409 碳 407
2410 饵 407
2411 蕉 405
2412 肋 405
2413 铜 405
2414 斜 403
2415 谐 403
2416 凳 402
2417 醋 402
2418 砰 402
2419 衔 401
2420 熄 400
2421 迁 400
2422 浸 400
2423 淑 397
2424 卵 396
2425 巢 413
2426 雀 397
2427 阔 395
2428 翔 395
2429 屉 395
2430 恳 395
2431 钝 391
2432 殴 391
2433 茱 391
2434 翠 390
2435 聋 390
2436 绞 390
2437 熙 390
2438 杖 389
2439 县 389
2440 葱 389
2441 挫 387
2442 兑 387
2443 撇 387
2444 逸 386
2445 鲸 385
2446 弦 385
2447 绒 384
2448 羽 399
2449 脂 383
2450 泛 383
2451 贸 383
2452 悟 382
2453 伽 382
2454 掐 382
2455 贪 381
2456 绷 380
2457 帘 378
2458 崩 375
2459 溃 984
2460 窥 375
2461 挚 374
2462 祟 373
2463 茫 373
2464 鳄 373
2465 坛 373
2466 逢 373
2467 苍 372
2468 蝇 388
2469 腥 371
2470 霜 371
2471 斤 369
2472 晰 369
2473 坪 368
2474 皱 367
2475 叙 366
2476 溺 364
2477 祥 364
2478 躯 363
2479 砖 361
2480 旨 361
2481 蔬 361
2482 拇 361
2483 醇 359
2484 螺 358
2485 叠 357
2486 籍 357
2487 浇 356
2488 邓 355
2489 卑 355
2490 鄙 821
2491 谦 396
2492 逞 355
2493 框 352
2494 秩 351
2495 耽 351
2496 搁 377
2497 鱿 350
2498 梁 350
2499 炼 348
2500 锻 490
2501 碑 345
2502 牲 345
2503 牺 1536
2504 哩 345
2505 棘 345
2506 蜡 344
2507 烛 666
2508 勺 344
2509 崽 343
2510 墅 341
2511 悯 340
2512 韵 340
2513 婪 339
2514 弓 339
2515 惕 339
2516 伐 338
2517 榈 337
2518 樱 336
2519 曝 336
2520 壶 336
2521 捆 335
2522 脊 335
2523 泊 334
2524 嗅 334
2525 呗 334
2526 豚 334
2527 戮 334
2528 竹 332
2529 渔 332
2530 踝 331
2531 屑 331
2532 斧 330
2533 蓬 330
2534 亦 329
2535 嬉 328
2536 稚 327
2537 嫩 329
2538 哑 325
2539 绰 324
2540 铭 324
2541 弘 323
2542 溪 322
2543 绎 321
2544 簿 321
2545 驯 320
2546 婶 319
2547 涌 319
2548 寺 319
2549 轴 318
2550 溅 317
2551 粮 317
2552 杨 317
2553 瓷 316
2554 拌 316
2555 槽 316
2556 髓 313
2557 舟 313
2558 竖 312
2559 椎 311
2560 茎 311
2561 勉 310
2562 嗜 309
2563 剔 309
2564 挠 307
2565 飙 306
2566 乞 305
2567 喋 304
2568 嗷 302
2569 焚 302
2570 虹 302
2571 蒜 302
2572 鞭 301
2573 崖 300
2574 骸 299
2575 燕 299
2576 寇 298
2577 庙 298
2578 宋 297
2579 羡 297
2580 昧 297
2581 髦 296
2582 绊 296
2583 磕 299
2584 腻 295
2585 颇 295
2586 烘 295
2587 溢 295
2588 驰 293
2589 陨 291
2590 辖 291
2591 渗 291
2592 亭 291
2593 肪 290
2594 栗 290
2595 缚 289
2596 蹭 289
2597 僚 289
2598 嘎 288
2599 睾 288
2600 靓 288
2601 攀 288
2602 芳 288
2603 勿 287
2604 抉 287
2605 掠 287
2606 歹 286
2607 藉 286
2608 肆 285
2609 喉 285
2610 咙 617
2611 咽 335
2612 斐 285
2613 憋 285
2614 颅 285
2615 缴 284
2616 椰 283
2617 诶 283
2618 溶 282
2619 恺 281
2620 曹 281
2621 涅 280
2622 柳 280
2623 滤 280
2624 撬 280
2625 蔓 279
2626 硕 278
2627 岔 277
2628 缆 277
2629 崭 277
2630 榴 277
2631 孽 276
2632 践 276
2633 娇 276
2634 窍 274
2635 诀 275
2636 捧 274
2637 蚀 274
2638 栅 274
2639 馨 274
2640 酿 273
2641 昔 273
2642 瑜 273
2643 掺 271
2644 咳 270
2645 苛 269
2646 凿 268
2647 飓 267
2648 掷 267
2649 碌 267
2650 庸 275
2651 郑 267
2652 馈 267
2653 虔 267
2654 栓 266
2655 莽 266
2656 钳 266
2657 刃 265
2658 辉 265
2659 蚁 265
2660 俘 264
2661 咸 264
2662 俯 263
2663 狐 263
2664 狸 547
2665 帖 262
2666 瘟 261
2667 熔 260
2668 译 258
2669 於 258
2670 梨 256
2671 茉 256
2672 谴 255
2673 褐 253
2674 癫 252
2675 颂 251
2676 汪 251
2677 耿 251
2678 陀 251
2679 狩 250
2680 苔 250
2681 蚂 249
2682 宏 249
2683 吴 248
2684 妒 248
2685 嫉 1298
2686 晴 248
2687 谨 246
2688 慎 728
2689 吾 246
2690 靶 246
2691 疹 245
2692 渺 245
2693 榨 243
2694 聆 243
2695 澄 243
2696 妍 243
2697 伎 242
2698 嗡 240
2699 扒 240
2700 痫 239
2701 寂 236
2702 寞 470
2703 裕 236
2704 崎 235
2705 瞪 235
2706 涕 234
2707 锈 234
2708 醺 234
2709 拙 233
2710 沫 233
2711 唾 251
2712 炖 233
2713 沦 232
2714 灿 232
2715 僻 231
2716 瘸 231
2717 酥 231
2718 谭 231
2719 扉 231
2720 琢 230
2721 羔 230
2722 掀 230
2723 渠 229
2724 朽 228
2725 栽 227
2726 赃 293
2727 芥 227
2728 拧 227
2729 啡 227
2730 咖 5127
2731 惫 225
2732 洙 224
2733 桂 224
2734 帜 224
2735 嘟 223
2736 咕 225
2737 辙 222
2738 雌 221
2739 橇 220
2740 拣 220
2741 茸 220
2742 拓 218
2743 岳 217
2744 侯 216
2745 杏 216
2746 吨 215
2747 孝 215
2748 亥 214
2749 劈 213
2750 虏 213
2751 妃 213
2752 冤 212
2753 嗒 212
2754 厘 212
2755 冕 211
2756 吱 211
2757 斩 211
2758 坊 211
2759 奢 206
2760 渊 206
2761 稻 206
2762 函 206
2763 滞 206
2764 滨 205
2765 盎 204
2766 窟 204
2767 芽 203
2768 蹄 203
2769 姥 202
2770 秽 202
2771 黏 201
2772 氪 201
2773 昌 201
2774 镯 200
2775 菠 200
2776 郝 200
2777 讪 199
2778 呛 199
2779 懈 199
2780 淤 198
2781 氯 198
2782 伺 198
2783 辫 198
2784 昭 197
2785 媛 197
2786 钦 197
2787 悚 196
2788 痊 195
2789 嗽 195
2790 沸 195
2791 玻 194
2792 璃 1356
2793 壤 194
2794 酋 194
2795 渍 194
2796 杠 194
2797 窜 193
2798 颊 193
2799 茅 193
2800 煞 193
2801 趋 193
2802 塘 193
2803 缪 192
2804 蚊 192
2805 匙 191
2806 钥 3867
2807 咻 191
2808 芮 191
2809 寐 191
2810 骤 191
2811 驼 190
2812 骆 245
2813 煽 190
2814 瘀 190
2815 洽 189
2816 哒 189
2817 遂 189
2818 闸 189
2819 啃 188
2820 玄 188
2821 猿 188
2822 俏 188
2823 拴 187
2824 厮 187
2825 颖 187
2826 葵 187
2827 菊 187
2828 挟 187
2829 锚 187
2830 喀 185
2831 贬 185
2832 哔 185
2833 揪 185
2834 阀 184
2835 咎 184
2836 铸 184
2837 煌 183
2838 蹩 182
2839 舵 182
2840 衅 181
2841 甥 181
2842 苟 181
2843 怯 181
2844 虱 181
2845 圭 180
2846 侈 179
2847 迄 179
2848 盈 179
2849 琐 179
2850 惭 178
2851 肘 178
2852 噬 178
2853 燥 177
2854 枯 259
2855 溯 177
2856 绸 177
2857 碾 177
2858 觅 177
2859 岂 177
2860 糙 176
2861 胀 176
2862 绣 176
2863 遛 176
2864 殡 176
2865 坝 176
2866 魄 176
2867 叨 175
2868 唠 344
2869 蟹 175
2870 螃 204
2871 犀 175
2872 嗝 174
2873 坨 174
2874 唧 174
2875 堤 173
2876 墟 172
2877 眩 172
2878 惶 172
2879 扼 172
2880 睫 172
2881 咧 171
2882 濒 171
2883 焊 171
2884 窖 171
2885 泌 171
2886 簧 171
2887 卒 171
2888 脐 170
2889 寝 170
2890 贿 170
2891 赂 431
2892 碱 170
2893 拭 170
2894 胰 170
2895 韧 169
2896 蔑 169
2897 梵 169
2898 鼎 169
2899 粥 169
2900 翩 168
2901 甫 168
2902 缅 168
2903 甸 172
2904 痹 168
2905 凤 167
2906 凰 311
2907 彭 167
2908 瀑 167
2909 焉 167
2910 拢 167
2911 炭 166
2912 媚 166
2913 鹤 165
2914 栖 165
2915 羁 165
2916 萧 165
2917 瓣 165
2918 肛 165
2919 泵 165
2920 哮 165
2921 灼 164
2922 礁 164
2923 蛛 163
2924 蜘 769
2925 扞 163
2926 隙 162
2927 搂 162
2928 浏 162
2929 娩 161
2930 薰 161
2931 旷 161
2932 恙 161
2933 噜 161
2934 敷 161
2935 衍 167
2936 袱 160
2937 玲 160
2938 荧 160
2939 扛 159
2940 诫 159
2941 匈 159
2942 腌 159
2943 膨 159
2944 玷 158
2945 啪 158
2946 箫 158
2947 痘 158
2948 绯 158
2949 婉 158
2950 掰 158
2951 乙 158
2952 卿 157
2953 魁 156
2954 坤 155
2955 滔 155
2956 诠 155
2957 桔 154
2958 唆 154
2959 氢 154
2960 枉 153
2961 裘 153
2962 嘀 153
2963 僧 153
2964 擒 152
2965 惺 152
2966 咚 152
2967 诵 151
2968 烁 151
2969 嘣 150
2970 桨 150
2971 吁 150
2972 踹 150
2973 沛 149
2974 竿 149
2975 胺 149
2976 涵 149
2977 熨 148
2978 炳 148
2979 捎 148
2980 鲑 148
2981 拱 148
2982 畸 147
2983 硝 147
2984 铉 147
2985 盹 147
2986 晤 147
2987 夥 146
2988 矫 146
2989 揉 148
2990 酮 146
2991 淌 145
2992 咦 145
2993 姊 144
2994 亩 144
2995 吟 144
2996 揽 144
2997 硫 144
2998 磺 144
2999 昵 143
3000 筛 143
3001 烊 143
3002 肇 143
3003 舷 143
3004 铛 143
3005 攒 143
3006 苯 143
3007 萎 143
3008 糗 143
3009 毅 142
3010 泻 142
3011 茬 142
3012 痣 142
3013 厩 142
3014 禅 141
3015 岌 140
3016 勘 140
3017 骇 140
3018 凹 140
3019 耸 140
3020 紊 139
3021 宛 138
3022 夭 138
3023 眷 138
3024 呻 138
3025 绽 138
3026 氮 138
3027 枫 137
3028 烬 137
3029 尹 137
3030 沐 136
3031 氨 136
3032 蔼 136
3033 噎 136
3034 跆 136
3035 阉 135
3036 魏 135
3037 盏 135
3038 殉 134
3039 柿 134
3040 咆 134
3041 酶 134
3042 彗 133
3043 奄 133
3044 丐 133
3045 嚏 133
3046 毋 133
3047 傍 132
3048 藐 132
3049 薛 132
3050 侬 132
3051 藻 132
3052 彬 132
3053 蝎 131
3054 砂 131
3055 裆 131
3056 匕 131
3057 篝 130
3058 迦 130
3059 闺 130
3060 诬 130
3061 纬 130
3062 暇 129
3063 狭 129
3064 窄 173
3065 孬 129
3066 喵 129
3067 浣 128
3068 冯 128
3069 惟 128
3070 陵 128
3071 腓 128
3072 蚤 128
3073 嚣 127
3074 巅 127
3075 嵌 127
3076 镶 137
3077 驭 127
3078 叽 126
3079 喳 135
3080 侥 126
3081 裴 126
3082 娥 128
3083 婿 125
3084 咏 125
3085 褪 125
3086 俺 125
3087 喱 124
3088 脓 123
3089 撮 122
3090 铎 122
3091 惦 122
3092 硅 122
3093 迭 121
3094 骰 121
3095 瞳 121
3096 凄 121
3097 淆 120
3098 丙 120
3099 烷 135
3100 疱 120
3101 瘪 119
3102 赡 119
3103 睬 119
3104 啼 119
3105 骼 118
3106 阑 118
3107 攸 118
3108 茂 118
3109 矢 118
3110 饲 118
3111 搐 118
3112 郭 117
3113 烙 117
3114 褶 117
3115 睦 117
3116 姗 117
3117 淳 116
3118 谕 116
3119 赵 116
3120 嚎 116
3121 枢 116
3122 钠 116
3123 仲 116
3124 絮 115
3125 疽 115
3126 蔡 115
3127 茵 115
3128 孵 114
3129 茧 114
3130 瞌 114
3131 殃 114
3132 阪 114
3133 檐 113
3134 揣 113
3135 吠 113
3136 哗 113
3137 雏 112
3138 徐 112
3139 敛 112
3140 墩 112
3141 嘶 112
3142 峻 111
3143 辰 111
3144 貂 111
3145 钙 111
3146 株 111
3147 羹 111
3148 剁 111
3149 囱 111
3150 铝 111
3151 邸 110
3152 漱 110
3153 惰 110
3154 喧 110
3155 纲 110
3156 撰 110
3157 倡 109
3158 凸 109
3159 懊 108
3160 廓 108
3161 旱 108
3162 痞 108
3163 狒 107
3164 袒 107
3165 甭 107
3166 稼 107
3167 媳 107
3168 鸥 107
3169 旭 107
3170 彰 107
3171 涛 106
3172 嫂 106
3173 颚 106
3174 瞩 106
3175 涩 106
3176 乾 105
3177 辟 105
3178 筝 105
3179 蹋 105
3180 拂 104
3181 呱 104
3182 菈 104
3183 豌 104
3184 菩 104
3185 岭 104
3186 忒 103
3187 啧 103
3188 萤 103
3189 帚 103
3190 讣 103
3191 枭 102
3192 嗦 102
3193 窘 101
3194 梗 101
3195 濑 101
3196 吮 101
3197 鼾 100
3198 玺 100
3199 怡 100
3200 汝 100
3201 伶 100
3202 愣 100
3203 胚 99
3204 逾 99
3205 搓 99
3206 蹬 99
3207 疮 99
3208 噗 99
3209 屿 99
3210 跷 99
3211 蹊 131
3212 赘 98
3213 篡 98
3214 霄 98
3215 缇 98
3216 赝 98
3217 梢 98
3218 瑕 98
3219 疵 130
3220 骡 97
3221 阐 97
3222 晾 97
3223 靡 97
3224 谚 97
3225 娼 96
3226 嫖 105
3227 叼 96
3228 獭 96
3229 捂 96
3230 弧 96
3231 鞍 96
3232 馊 95
3233 迢 95
3234 耕 95
3235 锥 95
3236 驹 95
3237 呸 95
3238 萃 95
3239 箍 94
3240 潭 94
3241 苑 94
3242 琦 93
3243 脯 93
3244 幌 93
3245 奕 93
3246 釜 93
3247 屡 93
3248 哺 92
3249 撂 92
3250 筷 92
3251 刨 92
3252 剽 91
3253 潇 91
3254 嘭 91
3255 匀 91
3256 睿 91
3257 狡 90
3258 猾 391
3259 荫 90
3260 酯 90
3261 诋 90
3262 讳 90
3263 饺 90
3264 楠 90
3265 谛 89
3266 烩 89
3267 咄 89
3268 瑚 89
3269 娟 89
3270 鼬 89
3271 萌 88
3272 磷 88
3273 羚 88
3274 涡 88
3275 蛭 87
3276 拎 87
3277 镳 87
3278 吭 87
3279 孀 87
3280 瞥 87
3281 抒 87
3282 彪 86
3283 蒲 86
3284 蛆 86
3285 佼 86
3286 萦 86
3287 咀 85
3288 珉 85
3289 腋 85
3290 臼 85
3291 壕 84
3292 簸 84
3293 啄 84
3294 朔 84
3295 筐 83
3296 叁 83
3297 痰 83
3298 滕 83
3299 钚 83
3300 暧 83
3301 灸 83
3302 婷 83
3303 珈 83
3304 疡 83
3305 缀 83
3306 兢 82
3307 擂 82
3308 炯 82
3309 氰 82
3310 晦 82
3311 坍 82
3312 円 82
3313 掂 82
3314 鼹 82
3315 惬 81
3316 蜗 81
3317 畔 81
3318 蓓 81
3319 跋 81
3320 纺 81
3321 刽 81
3322 汹 81
3323 扪 81
3324 钛 81
3325 柬 80
3326 湛 80
3327 玑 80
3328 倩 80
3329 跛 80
3330 峙 80
3331 笠 80
3332 乍 80
3333 氟 80
3334 芋 79
3335 沌 79
3336 辗 79
3337 咔 78
3338 嚓 91
3339 飚 78
3340 澈 78
3341 倔 78
3342 斋 78
3343 绢 78
3344 抠 77
3345 呣 77
3346 筏 77
3347 渥 77
3348 酊 77
3349 崛 77
3350 棱 77
3351 刁 77
3352 辍 77
3353 厥 76
3354 匣 76
3355 啸 76
3356 腮 76
3357 缄 76
3358 弼 75
3359 贮 75
3360 躬 75
3361 鞠 178
3362 汞 75
3363 涮 75
3364 倚 75
3365 缕 75
3366 蓉 75
3367 舆 75
3368 炙 75
3369 殷 74
3370 渎 74
3371 亵 237
3372 猥 153
3373 黯 74
3374 蜚 74
3375 慑 74
3376 妲 73
3377 啵 73
3378 纫 73
3379 酝 73
3380 鳍 73
3381 褒 73
3382 蘸 73
3383 琉 73
3384 槌 73
3385 霆 73
3386 蚕 73
3387 亢 73
3388 灶 72
3389 偌 72
3390 暮 72
3391 蠕 72
3392 蛾 72
3393 胳 72
3394 膊 911
3395 侃 72
3396 眈 72
3397 赁 71
3398 仨 71
3399 抨 71
3400 颓 71
3401 屌 71
3402 潦 71
3403 镰 71
3404 俚 71
3405 魇 71
3406 秦 71
3407 胱 70
3408 烯 70
3409 胯 70
3410 奠 70
3411 撵 70
3412 垢 70
3413 锣 69
3414 巩 69
3415 眸 69
3416 歼 69
3417 烹 69
3418 饪 232
3419 藩 69
3420 枷 68
3421 昊 68
3422 秉 68
3423 蜷 68
3424 嗬 68
3425 潢 68
3426 凋 68
3427 漉 68
3428 坂 68
3429 蔗 67
3430 掳 67
3431 疟 67
3432 窦 67
3433 钾 67
3434 町 67
3435 疝 67
3436 荳 66
3437 冗 66
3438 蕴 66
3439 萍 66
3440 酵 66
3441 缔 66
3442 渝 65
3443 荆 65
3444 漩 65
3445 遏 65
3446 惋 65
3447 喃 65
3448 滓 65
3449 涎 65
3450 孢 64
3451 讬 64
3452 缎 64
3453 嚯 64
3454 芹 64
3455 悖 64
3456 弛 64
3457 仕 63
3458 骏 63
3459 酩 63
3460 昼 63
3461 蛤 63
3462 莺 63
3463 膳 63
3464 沥 63
3465 撅 62
3466 曙 62
3467 俳 62
3468 札 62
3469 澜 62
3470 鳞 62
3471 漓 62
3472 碉 62
3473 譬 62
3474 鳟 62
3475 呯 62
3476 燮 62
3477 搀 62
3478 蜇 62
3479 豺 62
3480 迸 62
3481 孪 61
3482 敖 61
3483 徙 61
3484 殆 61
3485 眶 61
3486 桅 61
3487 盥 60
3488 咫 60
3489 狈 60
3490 臆 60
3491 窑 59
3492 翡 59
3493 讥 59
3494 咩 59
3495 竺 59
3496 瘫 59
3497 痪 246
3498 蔚 59
3499 锢 59
3500 蛊 59
3501 悸 59
3502 熠 58
3503 俑 58
3504 睽 58
3505 禀 58
3506 锹 58
3507 隘 58
3508 轧 58
3509 翱 58
3510 茹 58
3511 匡 57
3512 沅 57
3513 噱 57
3514 磐 57
3515 帧 57
3516 叭 57
3517 喇 285
3518 摁 57
3519 俐 57
3520 馁 57
3521 蟒 57
3522 瞰 57
3523 弩 56
3524 獾 56
3525 哉 56
3526 秤 56
3527 孛 56
3528 鳗 56
3529 坷 56
3530 娣 56
3531 噻 56
3532 柚 56
3533 瓢 56
3534 孰 56
3535 镁 55
3536 毡 55
3537 剌 55
3538 箔 55
3539 嘞 55
3540 蜊 55
3541 暹 55
3542 摒 55
3543 锏 55
3544 篓 55
3545 帷 55
3546 娴 54
3547 冉 54
3548 栈 54
3549 砾 54
3550 迂 54
3551 镐 54
3552 劾 53
3553 瞅 53
3554 珂 53
3555 乓 53
3556 乒 157
3557 沈 53
3558 捱 53
3559 槛 53
3560 腱 53
3561 囔 53
3562 臊 53
3563 撩 53
3564 琛 53
3565 镍 52
3566 汲 52
3567 睐 52
3568 腑 52
3569 搪 52
3570 蛀 52
3571 檀 52
3572 颞 52
3573 颧 52
3574 怠 52
3575 阂 52
3576 椿 52
3577 嘈 52
3578 踵 52
3579 鸵 52
3580 搔 52
3581 慨 52
3582 慷 526
3583 皿 51
3584 碘 51
3585 奚 51
3586 诲 51
3587 铀 51
3588 胫 51
3589 炽 51
3590 绶 51
3591 眯 51
3592 梆 51
3593 艮 51
3594 鲤 51
3595 羯 50
3596 籽 50
3597 幺 50
3598 忡 50
3599 跺 50
3600 芦 50
3601 苇 55
3602 葫 54
3603 矣 50
3604 牒 50
3605 畴 50
3606 鬓 50
3607 戛 50
3608 菸 50
3609 傣 49
3610 妾 49
3611 捶 49
3612 闵 49
3613 蜕 49
3614 钵 49
3615 颐 49
3616 淀 49
3617 偕 49
3618 蝶 49
3619 蝴 446
3620 楷 49
3621 汐 48
3622 鸿 48
3623 惘 48
3624 麋 48
3625 蕃 48
3626 俞 48
3627 芜 48
3628 轶 48
3629 嗤 47
3630 鳏 47
3631 垄 47
3632 涤 47
3633 霓 47
3634 裳 50
3635 蟆 47
3636 旬 46
3637 瞻 46
3638 穗 46
3639 笃 46
3640 嘢 46
3641 痿 46
3642 寥 46
3643 羟 46
3644 栩 46
3645 痔 46
3646 哞 46
3647 祂 46
3648 榆 46
3649 拚 46
3650 嬷 46
3651 祀 45
3652 蕊 45
3653 咝 45
3654 偎 45
3655 砌 45
3656 镀 45
3657 麸 44
3658 肴 44
3659 缭 44
3660 琥 44
3661 恪 44
3662 雍 44
3663 惮 44
3664 砷 44
3665 澪 44
3666 蛰 44
3667 锌 43
3668 椭 43
3669 笋 43
3670 崴 43
3671 芸 43
3672 禧 43
3673 锷 43
3674 掣 43
3675 缰 43
3676 镊 43
3677 柑 43
3678 俭 43
3679 嗖 43
3680 辘 43
3681 碴 43
3682 蹶 43
3683 湮 42
3684 媲 42
3685 氦 42
3686 儆 42
3687 陡 42
3688 峭 49
3689 斟 42
3690 酌 58
3691 邱 42
3692 哝 42
3693 鳕 42
3694 稠 42
3695 颌 42
3696 茴 42
3697 弈 42
3698 酚 42
3699 朕 42
3700 绚 42
3701 缮 42
3702 岖 42
3703 籁 42
3704 蝉 41
3705 怦 41
3706 倪 41
3707 诧 41
3708 洼 41
3709 晙 41
3710 嗣 41
3711 牠 41
3712 闩 41
3713 睑 41
3714 傧 40
3715 髋 40
3716 铵 40
3717 牟 40
3718 寰 40
3719 沧 40
3720 霰 40
3721 镣 40
3722 鞘 40
3723 倘 40
3724 佯 40
3725 轩 39
3726 榔 39
3727 蔷 39
3728 癞 39
3729 讧 39
3730 襟 39
3731 吕 39
3732 噼 39
3733 霞 39
3734 疆 39
3735 裱 38
3736 屹 38
3737 咐 38
3738 吩 313
3739 馋 38
3740 摞 38
3741 浊 38
3742 铤 38
3743 瘁 38
3744 甄 38
3745 寨 37
3746 埔 122
3747 桐 37
3748 麝 37
3749 杵 37
3750 啮 37
3751 焙 37
3752 皈 37
3753 攘 37
3754 婕 37
3755 篾 37
3756 囧 37
3757 雹 36
3758 鹫 36
3759 兀 40
3760 疣 36
3761 屄 36
3762 牡 36
3763 蛎 90
3764 褂 36
3765 鲶 36
3766 沓 36
3767 唁 36
3768 涸 36
3769 蹿 35
3770 簇 35
3771 煲 35
3772 赊 35
3773 聂 35
3774 蚱 35
3775 矜 35
3776 卤 35
3777 耙 35
3778 瓮 35
3779 镭 35
3780 咂 35
3781 娄 35
3782 抡 35
3783 箴 35
3784 渚 34
3785 儒 34
3786 侏 256
3787 霾 34
3788 谀 34
3789 诃 34
3790 揩 34
3791 搽 34
3792 曳 34
3793 攥 34
3794 邃 34
3795 衩 34
3796 糜 34
3797 荼 34
3798 孜 34
3799 褥 34
3800 沆 34
3801 蝗 34
3802 犸 34
3803 掴 34
3804 恍 34
3805 惚 61
3806 窿 33
3807 吡 33
3808 挝 33
3809 咿 33
3810 蓟 33
3811 馏 33
3812 锉 33
3813 肓 33
3814 鲈 33
3815 堑 33
3816 笺 33
3817 岱 33
3818 憩 33
3819 舀 32
3820 岐 32
3821 犁 32
3822 锄 32
3823 摺 32
3824 璧 32
3825 鹊 32
3826 肽 32
3827 蔻 32
3828 哆 32
3829 阎 32
3830 雯 32
3831 玖 32
3832 龈 32
3833 蚌 32
3834 莅 32
3835 痢 32
3836 莳 32
3837 铂 32
3838 溉 31
3839 榻 31
3840 瑛 31
3841 屐 31
3842 亘 31
3843 梧 31
3844 鲱 31
3845 欸 31
3846 槲 31
3847 啜 31
3848 砧 31
3849 箩 31
3850 黝 31
3851 铊 31
3852 叟 31
3853 犊 31
3854 湍 31
3855 囤 30
3856 垣 30
3857 顷 30
3858 踮 30
3859 祛 30
3860 饯 30
3861 暄 30
3862 猡 30
3863 骋 30
3864 擤 30
3865 绫 30
3866 拄 30
3867 攫 30
3868 梓 30
3869 跻 30
3870 佻 30
3871 嗞 30
3872 硷 30
3873 懵 30
3874 徵 30
3875 篱 30
3876 笆 108
3877 迥 30
3878 菱 29
3879 樽 29
3880 樊 29
3881 杞 29
3882 榭 29
3883 锂 29
3884 磋 29
3885 戟 29
3886 漾 29
3887 纰 29
3888 讷 29
3889 奂 29
3890 遁 28
3891 楔 28
3892 磊 28
3893 吆 28
3894 璜 28
3895 辽 28
3896 掖 28
3897 铠 28
3898 谙 28
3899 拈 28
3900 瑙 28
3901 獠 28
3902 尻 28
3903 罔 27
3904 馒 27
3905 庐 27
3906 隼 27
3907 荤 27
3908 恃 27
3909 鸠 27
3910 钧 27
3911 鲟 27
3912 蟠 27
3913 踱 27
3914 诙 27
3915 嗄 27
3916 铬 27
3917 炊 27
3918 彦 26
3919 焖 26
3920 玫 26
3921 瑰 691
3922 藓 26
3923 孚 26
3924 夙 26
3925 宕 26
3926 胛 26
3927 孺 26
3928 叩 26
3929 蹼 26
3930 斌 26
3931 瘴 26
3932 猝 26
3933 瞟 26
3934 泷 26
3935 铍 26
3936 荞 26
3937 堀 26
3938 醛 26
3939 鹭 26
3940 泞 26
3941 渲 26
3942 鞑 26
3943 掸 26
3944 蜀 25
3945 遨 25
3946 曰 25
3947 杭 25
3948 剐 25
3949 靼 25
3950 搡 25
3951 诣 25
3952 拗 25
3953 荚 25
3954 膈 25
3955 蜥 25
3956 蜴 182
3957 鄂 25
3958 卯 25
3959 祉 25
3960 犷 24
3961 菇 24
3962 蘑 239
3963 瀚 24
3964 垠 35
3965 蹑 24
3966 嗳 24
3967 姘 24
3968 咲 24
3969 榛 24
3970 砒 24
3971 唏 24
3972 掮 24
3973 浃 24
3974 珑 24
3975 枣 24
3976 笙 24
3977 吔 24
3978 岬 24
3979 隠 24
3980 癣 23
3981 臃 23
3982 恣 23
3983 楣 23
3984 茁 23
3985 吏 23
3986 璐 23
3987 讹 23
3988 禄 23
3989 孑 23
3990 麾 23
3991 喙 23
3992 匮 23
3993 绮 23
3994 卉 23
3995 弑 23
3996 遐 23
3997 亟 22
3998 廿 22
3999 琵 22
4000 鳖 22
4001 泯 22
4002 戊 22
4003 葆 22
4004 杪 22
4005 翌 22
4006 鹃 22
4007 喆 22
4008 眺 22
4009 烽 22
4010 杳 22
4011 蚜 22
4012 蜢 22
4013 缛 22
4014 戾 22
4015 谟 21
4016 昱 21
4017 冀 21
4018 盂 21
4019 谧 21
4020 衙 21
4021 摹 21
4022 桓 21
4023 诌 21
4024 胧 21
4025 朦 61
4026 卍 21
4027 妩 21
4028 猕 21
4029 剿 21
4030 甁 21
4031 忱 21
4032 璞 21
4033 桉 21
4034 犒 21
4035 逖 21
4036 锭 21
4037 绱 21
4038 螨 21
4039 晟 20
4040 惴 20
4041 潺 20
4042 匝 20
4043 吝 20
4044 啬 94
4045 耘 20
4046 慵 20
4047 彛 20
4048 恬 20
4049 峦 20
4050 飕 20
4051 嗪 20
4052 臻 20
4053 楸 20
4054 姚 20
4055 酣 20
4056 隅 20
4057 斡 20
4058 燎 19
4059 猖 19
4060 獗 21
4061 趸 19
4062 舐 19
4063 篑 19
4064 筵 19
4065 柠 19
4066 檬 533
4067 鲭 19
4068 毗 19
4069 皓 19
4070 垩 19
4071 啕 19
4072 锒 19
4073 谩 19
4074 骛 19
4075 沏 19
4076 藕 19
4077 锆 19
4078 螯 19
4079 刍 19
4080 哧 19
4081 锃 19
4082 诩 19
4083 袤 19
4084 嗲 19
4085 鬃 19
4086 冶 18
4087 癔 18
4088 皑 18
4089 鬣 18
4090 黔 18
4091 肱 18
4092 恵 18
4093 桦 18
4094 圃 18
4095 挎 18
4096 聒 18
4097 缤 18
4098 噘 18
4099 泔 18
4100 雁 18
4101 沢 18
4102 稔 18
4103 膘 18
4104 铰 18
4105 曦 18
4106 忿 17
4107 粕 17
4108 袴 17
4109 瞑 17
4110 巳 17
4111 鹳 17
4112 矬 17
4113 汶 17
4114 幔 17
4115 鸨 17
4116 邹 17
4117 蔫 17
4118 穹 17
4119 氩 17
4120 戸 17
4121 谤 17
4122 诽 166
4123 霎 17
4124 癒 17
4125 诘 17
4126 侩 17
4127 矗 17
4128 沽 17
4129 屯 17
4130 莜 17
4131 垦 17
4132 驿 16
4133 婢 16
4134 佃 16
4135 蚝 16
4136 苞 16
4137 孱 16
4138 荻 16
4139 邢 16
4140 楞 16
4141 砥 16
4142 嗙 16
4143 猬 16
4144 盅 16
4145 蒋 16
4146 谑 16
4147 涣 16
4148 糅 16
4149 燧 16
4150 琅 16
4151 喏 16
4152 哌 16
4153 栀 16
4154 馍 16
4155 砣 16
4156 焗 16
4157 枸 16
4158 髂 16
4159 捻 16
4160 蓼 16
4161 簪 15
4162 胭 15
4163 锶 15
4164 蓖 15
4165 谄 15
4166 阮 15
4167 镫 15
4168 痂 15
4169 柩 15
4170 钴 15
4171 濡 15
4172 靥 15
4173 钹 15
4174 筱 15
4175 侨 15
4176 莹 15
4177 蛔 15
4178 犟 15
4179 鹏 15
4180 敝 15
4181 疖 15
4182 艹 15
4183 嘤 15
4184 绦 15
4185 畿 15
4186 呒 15
4187 幡 15
4188 龅 15
4189 凛 15
4190 荜 14
4191 瑾 14
4192 挞 14
4193 抿 14
4194 憨 14
4195 渋 14
4196 诛 14
4197 罹 14
4198 牦 14
4199 粟 14
4200 罂 37
4201 砝 14
4202 捋 14
4203 犄 14
4204 恹 14
4205 醚 14
4206 壬 14
4207 菁 14
4208 谆 14
4209 虞 14
4210 壹 14
4211 觑 14
4212 缜 14
4213 桡 14
4214 琶 14
4215 佰 14
4216 邑 14
4217 鸢 14
4218 殒 14
4219 媞 14
4220 榉 13
4221 钡 13
4222 瞠 13
4223 摈 13
4224 忤 13
4225 扈 13
4226 巍 13
4227 罄 13
4228 肼 13
4229 祗 13
4230 昙 13
4231 噌 13
4232 嫡 13
4233 隽 13
4234 啐 13
4235 耷 13
4236 擀 13
4237 瘠 13
4238 阡 13
4239 拮 13
4240 掇 13
4241 辄 13
4242 仃 13
4243 彷 13
4244 徨 37
4245 槐 13
4246 坯 13
4247 恸 13
4248 娈 13
4249 叱 13
4250 藿 13
4251 鲻 13
4252 樟 13
4253 俾 13
4254 烃 13
4255 铆 13
4256 讴 12
4257 饷 12
4258 蛹 12
4259 抻 12
4260 暨 12
4261 荨 12
4262 萘 12
4263 薏 12
4264 倌 12
4265 腭 12
4266 秧 12
4267 绌 12
4268 龛 12
4269 釉 12
4270 叵 12
4271 貉 12
4272 値 12
4273 钍 12
4274 哐 12
4275 胴 12
4276 跩 12
4277 驮 12
4278 靛 12
4279 咣 11
4280 钸 11
4281 呓 11
4282 粤 11
4283 杈 11
4284 铪 11
4285 庶 11
4286 嬴 11
4287 笞 11
4288 晔 11
4289 岑 11
4290 糠 11
4291 觐 11
4292 绉 11
4293 蟌 11
4294 戎 11
4295 髻 11
4296 鲔 11
4297 轱 11
4298 呷 11
4299 泮 11
4300 屍 11
4301 鲛 11
4302 诿 11
4303 诨 11
4304 斓 11
4305 穂 11
4306 馀 11
4307 嵩 11
4308 蜃 11
4309 皎 11
4310 冽 11
4311 荟 11
4312 笈 11
4313 骁 11
4314 壑 10
4315 巻 10
4316 誊 10
4317 赅 10
4318 氖 10
4319 馥 10
4320 怏 10
4321 诓 10
4322 鳃 10
4323 郇 10
4324 锲 10
4325 娓 10
4326 舜 10
4327 啾 10
4328 痨 10
4329 嘚 10
4330 肏 10
4331 苣 10
4332 莴 49
4333 俎 10
4334 庖 13
4335 玟 10
4336 旻 10
4337 缨 10
4338 粽 10
4339 蹚 10
4340 靖 10
4341 膺 10
4342 酞 10
4343 溴 10
4344 螫 10
4345 浜 10
4346 祠 10
4347 砺 10
4348 葺 10
4349 耦 10
4350 痱 10
4351 驷 9
4352 沁 9
4353 秆 9
4354 碜 9
4355 舶 9
4356 菏 9
4357 撷 9
4358 蕨 9
4359 榷 9
4360 垛 9
4361 婌 9
4362 煦 9
4363 氙 9
4364 呔 9
4365 腴 9
4366 榄 9
4367 橄 1061
4368 纶 9
4369 瘙 9
4370 糯 9
4371 俸 9
4372 鹬 9
4373 跶 9
4374 氡 9
4375 硼 9
4376 楝 9
4377 菅 9
4378 檞 9
4379 鲣 9
4380 绺 9
4381 佘 9
4382 骶 9
4383 黍 9
4384 哽 9
4385 涓 9
4386 卅 9
4387 粱 9
4388 剜 9
4389 鳅 9
4390 愕 9
4391 忖 9
4392 醍 9
4393 醐 12
4394 娑 9
4395 桁 9
4396 鲷 9
4397 皙 9
4398 晷 9
4399 恻 9
4400 庚 9
4401 岚 9
4402 荔 9
4403 刳 9
4404 赳 8
4405 樵 8
4406 贲 8
4407 饕 8
4408 媾 8
4409 湄 8
4410 氚 8
4411 柰 8
4412 鏖 8
4413 俨 8
4414 嘬 8
4415 韭 8
4416 榕 8
4417 镉 8
4418 毎 8
4419 纾 8
4420 痤 8
4421 晖 8
4422 炔 8
4423 铮 8
4424 甬 8
4425 蛐 8
4426 逡 8
4427 骐 8
4428 獒 8
4429 黠 8
4430 沪 8
4431 帛 8
4432 旌 8
4433 雉 8
4434 湎 8
4435 潸 8
4436 锰 8
4437 訇 8
4438 疥 8
4439 冢 8
4440 尕 8
4441 瀣 8
4442 铡 8
4443 迩 8
4444 榎 8
4445 箕 7
4446 珥 7
4447 瑶 7
4448 硌 7
4449 祺 7
4450 鮎 7
4451 樋 7
4452 唰 7
4453 麂 7
4454 潵 7
4455 禾 7
4456 粧 7
4457 痍 7
4458 竜 7
4459 瓯 7
4460 倭 7
4461 龇 7
4462 贻 7
4463 饴 7
4464 岘 7
4465 弭 7
4466 蝼 7
4467 鸫 7
4468 硒 7
4469 祼 7
4470 飨 7
4471 镓 7
4472 珐 7
4473 宥 7
4474 笤 7
4475 竣 7
4476 沭 7
4477 裨 7
4478 胤 7
4479 殓 7
4480 嗵 7
4481 挻 7
4482 廖 7
4483 恫 7
4484 疸 7
4485 踞 7
4486 襄 7
4487 辕 7
4488 庵 7
4489 丕 7
4490 钯 7
4491 垃 7
4492 圾 3267
4493 僮 7
4494 祁 7
4495 倜 7
4496 陲 7
4497 纂 7
4498 怔 7
4499 峨 6
4500 埠 6
4501 袂 6
4502 鲡 6
4503 谗 6
4504 阄 6
4505 鹜 6
4506 糨 6
4507 颦 6
4508 瓤 6
4509 怂 6
4510 恿 60
4511 钋 6
4512 韶 6
4513 噔 6
4514 怆 6
4515 燻 6
4516 锑 6
4517 龋 6
4518 弋 6
4519 徳 6
4520 葡 6
4521 萄 1092
4522 镂 6
4523 懑 6
4524 棠 6
4525 婀 6
4526 鳀 6
4527 侊 6
4528 殇 6
4529 愫 6
4530 沱 6
4531 皋 6
4532 怅 6
4533 矾 6
4534 轭 6
4535 僭 6
4536 阙 6
4537 黜 6
4538 萩 6
4539 髁 6
4540 纭 6
4541 熵 6
4542 仟 6
4543 竽 6
4544 牍 6
4545 忾 6
4546 飒 6
4547 泱 6
4548 铩 6
4549 擞 6
4550 羸 6
4551 菰 6
4552 嶋 6
4553 姣 6
4554 蜱 6
4555 徇 6
4556 莤 6
4557 阖 6
4558 胥 6
4559 罅 6
4560 劵 6
4561 鞜 6
4562 闰 6
4563 珞 6
4564 豉 5
4565 鸾 5
4566 帼 5
4567 刎 5
4568 铢 5
4569 惆 5
4570 莆 5
4571 怵 5
4572 椽 5
4573 荠 5
4574 捺 5
4575 蒡 5
4576 寅 5
4577 诏 5
4578 郞 5
4579 卞 5
4580 砚 5
4581 蝻 5
4582 徕 5
4583 蹴 5
4584 佟 5
4585 麓 5
4586 潞 5
4587 箐 5
4588 胄 5
4589 朊 5
4590 蛟 5
4591 纣 5
4592 蹙 5
4593 埼 5
4594 咘 5
4595 脍 5
4596 轼 5
4597 跐 5
4598 梶 5
4599 栎 5
4600 缬 5
4601 聩 5
4602 瘆 5
4603 邵 5
4604 呲 5
4605 哏 5
4606 嘌 5
4607 熹 5
4608 肄 5
4609 尧 5
4610 耆 5
4611 啻 5
4612 枱 5
4613 廋 5
4614 袄 5
4615 戍 5
4616 鹞 5
4617 啫 5
4618 婫 5
4619 坳 5
4620 掬 5
4621 篦 5
4622 佝 5
4623 偻 5
4624 妪 5
4625 甾 5
4626 鳎 5
4627 毖 5
4628 朲 5
4629 袅 5
4630 伫 5
4631 嵴 5
4632 砟 5
4633 鳝 5
4634 嘁 5
4635 掼 5
4636 嗟 5
4637 蠹 5
4638 祯 5
4639 撘 4
4640 钎 4
4641 炷 4
4642 裇 4
4643 汛 4
4644 粑 4
4645 狎 4
4646 桀 4
4647 痩 4
4648 镕 4
4649 跖 4
4650 骥 4
4651 滂 4
4652 黢 4
4653 錾 4
4654 炕 4
4655 娆 4
4656 锗 4
4657 泸 4
4658 髭 4
4659 铱 4
4660 诹 4
4661 脔 4
4662 塚 4
4663 礒 4
4664 嗥 4
4665 涟 4
4666 漪 22
4667 丞 4
4668 鳐 4
4669 倏 4
4670 瑢 4
4671 谘 4
4672 昴 4
4673 髌 4
4674 屣 4
4675 殄 4
4676 鳌 4
4677 蝰 4
4678 歃 4
4679 愎 4
4680 鲇 4
4681 髈 4
4682 镬 4
4683 幄 4
4684 痉 4
4685 挛 164
4686 镴 4
4687 茕 4
4688 遴 4
4689 忪 4
4690 馐 4
4691 驽 4
4692 苫 4
4693 饽 4
4694 醌 4
4695 彤 4
4696 楂 4
4697 铿 4
4698 锵 11
4699 樫 4
4700 禹 4
4701 殚 4
4702 藜 4
4703 萸 4
4704 翟 4
4705 汩 4
4706 瘘 4
4707 绛 4
4708 谒 4
4709 荪 4
4710 髯 4
4711 绀 4
4712 豢 4
4713 骻 4
4714 宦 4
4715 黒 4
4716 涝 4
4717 粼 4
4718 貘 4
4719 钨 4
4720 蟊 4
4721 骍 4
4722 槭 4
4723 蔵 4
4724 讫 4
4725 腈 4
4726 汨 4
4727 舢 4
4728 鹈 4
4729 鹕 20
4730 菡 4
4731 霖 4
4732 囟 4
4733 澎 4
4734 湃 52
4735 椌 4
4736 幂 4
4737 搧 4
4738 寮 4
4739 逵 4
4740 辊 3
4741 茗 3
4742 纨 3
4743 绔 22
4744 铋 3
4745 呋 3
4746 圡 3
4747 绥 3
4748 锔 3
4749 鲥 3
4750 笹 3
4751 鳢 3
4752 晌 3
4753 稞 3
4754 孖 3
4755 靳 3
4756 咛 3
4757 蓦 3
4758 虬 3
4759 诟 3
4760 噶 3
4761 墠 3
4762 祢 3
4763 蛲 3
4764 狨 3
4765 畚 3
4766 姝 3
4767 翳 3
4768 撺 3
4769 埂 3
4770 膦 3
4771 甴 3
4772 杓 3
4773 泠 3
4774 橹 3
4775 菫 3
4776 嫦 3
4777 藁 3
4778 颔 3
4779 啷 3
4780 榖 3
4781 悱 3
4782 啨 3
4783 舝 3
4784 蛳 3
4785 肟 3
4786 赭 3
4787 痧 3
4788 愠 3
4789 赓 3
4790 蚶 3
4791 溏 3
4792 褡 3
4793 嬗 3
4794 鲀 3
4795 蓑 3
4796 戕 3
4797 螅 3
4798 喹 3
4799 戗 3
4800 蝮 3
4801 霹 3
4802 雳 186
4803 鹾 3
4804 癍 3
4805 怄 3
4806 挲 3
4807 仄 3
4808 蕈 3
4809 矽 3
4810 鲠 3
4811 痦 3
4812 挈 3
4813 纡 3
4814 楯 3
4815 箝 3
4816 骜 3
4817 撸 3
4818 霭 3
4819 魟 3
4820 镗 3
4821 稗 3
4822 炆 3
4823 栌 3
4824 敕 3
4825 鏊 3
4826 镛 3
4827 觥 3
4828 郴 3
4829 狞 3
4830 狰 17
4831 厶 2
4832 桲 2
4833 瘢 2
4834 腘 2
4835 滝 2
4836 湲 2
4837 莙 2
4838 窨 2
4839 瞿 2
4840 陕 2
4841 檫 2
4842 舛 2
4843 翎 2
4844 獐 2
4845 棂 2
4846 缢 2
4847 嬥 2
4848 砹 2
4849 榅 2
4850 嚐 2
4851 抷 2
4852 嚄 2
4853 邬 2
4854 镅 2
4855 桧 2
4856 殻 2
4857 嘙 2
4858 呖 2
4859 褔 2
4860 悻 2
4861 嗉 2
4862 伥 2
4863 辎 2
4864 巯 2
4865 裢 2
4866 岀 2
4867 酉 2
4868 钆 2
4869 锛 2
4870 鈈 2
4871 邋 2
4872 遢 94
4873 尓 2
4874 擘 2
4875 胗 2
4876 顼 2
4877 蝙 2
4878 蝠 449
4879 瓠 2
4880 怙 2
4881 関 2
4882 鸻 2
4883 鲽 2
4884 囡 2
4885 槁 2
4886 腆 2
4887 腼 35
4888 汃 2
4889 餠 2
4890 锨 2
4891 逑 2
4892 戆 2
4893 锿 2
4894 唦 2
4895 掟 2
4896 菟 2
4897 颏 2
4898 岷 2
4899 莞 2
4900 跗 2
4901 吽 2
4902 碛 2
4903 楦 2
4904 晏 2
4905 瀬 2
4906 喯 2
4907 涔 2
4908 揠 2
4909 瑭 2
4910 扽 2
4911 铟 2
4912 蟾 2
4913 蜍 51
4914 籚 2
4915 扦 2
4916 饬 2
4917 阜 2
4918 筚 2
4919 袛 2
4920 薮 2
4921 踊 2
4922 汴 2
4923 癸 2
4924 囹 2
4925 圄 15
4926 鸩 2
4927 仞 2
4928 歊 2
4929 乜 2
4930 袈 2
4931 贰 2
4932 煸 2
4933 揄 2
4934 揶 13
4935 腚 2
4936 诳 2
4937 殭 2
4938 蒟 2
4939 枞 2
4940 甑 2
4941 铑 2
4942 袮 2
4943 堺 2
4944 麟 2
4945 麒 25
4946 凖 2
4947 辔 2
4948 砜 2
4949 镚 2
4950 缳 2
4951 荏 2
4952 妊 2
4953 娠 61
4954 噫 2
4955 蓍 2
4956 晡 2
4957 孳 2
4958 铳 2
4959 辺 2
4960 鲮 2
4961 瘳 2
4962 谥 2
4963 埇 2
4964 獴 2
4965 诤 2
4966 蟑 2
4967 螂 229
4968 螳 52
4969 蜣 2
4970 嶂 2
4971 捩 2
4972 揾 2
4973 逋 2
4974 匍 2
4975 匐 28
4976 蹟 2
4977 茖 2
4978 鐏 2
4979 揖 2
4980 瘌 2
4981 茚 2
4982 呡 2
4983 阋 2
4984 榊 2
4985 樗 2
4986 袁 2
4987 蠖 2
4988 酐 2
4989 蝈 2
4990 脇 2
4991 倨 2
4992 淖 2
4993 暝 2
4994 煨 2
4995 坼 2
4996 萱 2
4997 唻 2
4998 戌 2
4999 泓 2
5000 蟥 2
5001 毽 2
5002 挌 2
5003 慠 2
5004 汕 2
5005 噙 2
5006 彝 2
5007 韬 2
5008 煅 2
5009 辻 2
5010 瀛 2
5011 皴 2
5012 唳 2
5013 鲯 2
5014 蒿 2
5015 鲫 2
5016 蒻 2
5017 癜 2
5018 崁 2
5019 锱 2
5020 潍 2
5021 锇 2
5022 眛 2
5023 夯 2
5024 薙 1
5025 硐 1
5026 棰 1
5027 蜮 1
5028 蛃 1
5029 蟃 1
5030 镤 1
5031 甏 1
5032 蹉 1
5033 跎 3
5034 苖 1
5035 轳 1
5036 潲 1
5037 祾 1
5038 彽 1
5039 囍 1
5040 槊 1
5041 齑 1
5042 魨 1
5043 锾 1
5044 淙 1
5045 佚 1
5046 璨 1
5047 璀 31
5048 蚴 1
5049 韪 1
5050 糸 1
5051 榫 1
5052 镨 1
5053 殁 1
5054 脲 1
5055 窠 1
5056 揆 1
5057 冧 1
5058 莰 1
5059 薴 1
5060 栃 1
5061 躂 1
5062 笏 1
5063 榘 1
5064 秸 1
5065 眦 1
5066 睚 3
5067 柆 1
5068 吒 1
5069 鸶 1
5070 钒 1
5071 艉 1
5072 筣 1
5073 淬 1
5074 挢 1
5075 筲 1
5076 麴 1
5077 翊 1
5078 彵 1
5079 骝 1
5080 噚 1
5081 凫 1
5082 倬 1
5083 尴 1
5084 尬 1256
5085 苋 1
5086 憷 1
5087 叅 1
5088 搋 1
5089 偃 1
5090 鑫 1
5091 圬 1
5092 鲆 1
5093 骊 1
5094 鳇 1
5095 囫 1
5096 囵 5
5097 缱 1
5098 绻 2
5099 啭 1
5100 衿 1
5101 氽 1
5102 孭 1
5103 鲙 1
5104 疳 1
5105 姫 1
5106 氹 1
5107 阈 1
5108 増 1
5109 沤 1
5110 恧 1
5111 蚩 1
5112 钊 1
5113 砭 1
5114 餮 1
5115 闱 1
5116 钰 1
5117 柒 1
5118 晧 1
5119 茔 1
5120 谶 1
5121 崂 1
5122 犳 1
5123 沷 1
5124 暻 1
5125 篙 1
5126 痝 1
5127 糬 1
5128 壅 1
5129 闇 1
5130 镎 1
5131 铣 1
5132 斮 1
5133 醢 1
5134 咤 1
5135 镥 1
5136 绨 1
5137 嘹 1
5138 柘 1
5139 埸 1
5140 蛗 1
5141 黧 1
5142 啶 1
5143 辇 1
5144 麽 1
5145 呶 1
5146 萁 1
5147 芚 1
5148 隋 1
5149 骓 1
5150 唢 1
5151 秕 1
5152 锍 1
5153 咍 1
5154 椴 1
5155 峒 1
5156 愆 1
5157 悛 1
5158 圪 1
5159 擳 1
5160 帏 1
5161 缥 1
5162 缈 18
5163 萳 1
5164 闾 1
5165 蚵 1
5166 鲹 1
5167 桖 1
5168 鰤 1
5169 浚 1
5170 餍 1
5171 锕 1
5172 麹 1
5173 泅 1
5174 卐 1
5175 遒 1
5176 忸 1
5177 怩 14
5178 喑 1
5179 畦 1
5180 覃 1
5181 佗 1
5182 様 1
5183 俬 1
5184 萜 1
5185 驸 1
5186 缡 1
5187 钽 1
5188 棅 1
5189 糍 1
5190 燿 1
5191 锘 1
5192 堇 1
5193 讦 1
5194 铄 1
5195 矍 1
5196 楽 1
5197 笊 1
5198 溧 1
5199 渼 1
5200 狯 1
5201 蛌 1
5202 儃 1
5203 锫 1
5204 抺 1
5205 梾 1
5206 苺 1
5207 蚋 1
5208 亻 1
5209 铗 1
5210 玮 1
5211 哬 1
5212 涧 1
5213 礴 1
5214 陴 1
5215 豸 1
5216 龚 1
5217 铈 1
5218 鎇 1
5219 徯 1
5220 酰 1
5221 鼯 1
5222 葩 1
5223 鳮 1
5224 爰 1
5225 怼 1
5226 盳 1
5227 鴅 1
5228 唵 1
5229 憧 1
5230 憬 59
5231 桢 1
5232 轸 1
5233 耨 1
5234 蓐 1
5235 楹 1
5236 臾 1
5237 糁 1
5238 鹂 1
5239 皲 1
5240 睇 1
5241 蓧 1
5242 掾 1
5243 辋 1
5244 蜻 1
5245 蜓 67
5246 锎 1
5247 钣 1
5248 俵 1
5249 玢 1
5250 梱 1
5251 宼 1
5252 頼 1
5253 鞣 1
5254 葚 1
5255 悃 1
5256 碓 1
5257 貛 1
5258 醣 1
5259 垡 1
5260 擗 1
5261 镢 1
5262 铷 1
5263 钌 1
5264 櫈 1
5265 绐 1
5266 鈎 1
5267 鹦 1
5268 鹉 131
5269 伛 1
5270 荃 1
5271 丄 1
5272 哓 1
5273 椁 1
5274 稷 1
5275 瘿 1
5276 苜 1
5277 蓿 27
5278 淮 1
5279 鰎 1
5280 麺 1
5281 鸸 1
5282 鹋 3
5283 钔 1
5284 铕 1
5285 廹 1
5286 冼 1
5287 遽 1
5288 梃 1
5289 樯 1
5290 爿 1
5291 龌 1
5292 龊 95
5293 缷 1
5294 樘 1
5295 匾 1
5296 榚 1
5297 兕 1
5298 柛 1
5299 卨 1
5300 暏 1
5301 苷 1
5302 徊 1
5303 徘 159
5304 漕 1
5305 俪 1
5306 伉 3
5307 柺 1
5308 渕 1
5309 泾 1
5310 渭 4
5311 碇 1
5312 搤 1
5313 铯 1
5314 蹓 1
5315 胍 1
5316 鑚 1
5317 扡 1
5318 骟 1
5319 醮 1
5320 罝 1
5321 筴 1
5322 朷 1
5323 歩 1
5324 唗 1
5325 笳 1
5326 鲲 1
5327 嶙 1
5328 峋 13
5329 簘 1
5330 镞 1
5331 颀 1
5332 奁 1
5333 啉 1
5334 珲 1
5335 暪 1
5336 缯 1
5337 牝 1
5338 棶 1
5339 澹 1
5340 餬 1
5341 莐 1
5342 蘩 1
5343 棣 1
5344 嗱 1
5345 挕 1
5346 陇 1
5347 姃 1
5348 桎 1
5349 梏 6
5350 苕 1
5351 奘 1
5352 唛 1
5353 嫚 1
5354 佷 1
5355 璇 1
5356 萼 1
5357 煊 1
5358 垆 1
5359 锝 1
5360 肫 1
5361 譲 1
5362 咹 1
5363 赈 1
5364 栲 1
5365 铥 1
5366 黩 1
5367 谵 1
5368 竦 1
5369 诰 1
5370 廾 1
5371 艄 1
5372 嫔 1
5373 薫 1
5374 畠 1
5375 捯 1
5376 钷 1
5377 觊 1
5378 觎 59
5379 対 1
5380 蘖 1
5381 镌 1
5382 擭 1
5383 帑 1
5384 莘 1
5385 嗌 1
5386 骷 1
5387 髅 195
5388 髑 1
5389 殂 1
5390 茇 1
5391 惇 1
5392 钕 1
5393 嗔 1
5394 泚 1
5395 藴 1
5396 搛 1
5397 慉 1
5398 畑 1
5399 苴 1
5400 嗐 1
5401 缶 1
5402 悴 1
5403 憔 51
5404 铼 1
5405 沂 1
5406 龠 1
5407 枰 1
5408 镧 1
5409 跬 1
5410 枥 1
5411 鲳 1
5412 芷 1
5413 镮 1
5414 侪 1
5415 椐 1
5416 稲 1
5417 姛 1
5418 缟 1
5419 煫 1
5420 爀 1
5421 谪 1
5422 镄 1
5423 苡 1
5424 莠 1
5425 钫 1
5426 囗 1
5427 蠓 1
5428 颉 1
5429 茏 1
5430 磞 1
5431 蔢 1
5432 冚 1
5433 苎 1
5434 擢 1
5435 赧 1
5436 滦 1
5437 膑 1
5438 鹄 1
5439 桠 1
5440 陟 1
5441 愐 1
5442 搾 1
5443 箬 1
5444 忄 1
5445 畳 1
5446 広 1
5447 瘈 1
5448 谏 1
5449 冇 1
5450 俣 1
5451 嬅 1
5452 姮 1
5453 裎 1
5454 筯 1
5455 旽 1
5456 钜 1
5457 洌 1
5458 髙 1
5459 筘 1
5460 裥 1
5461 莨 1
5462 菪 11
